{"/home/travis/build/npmtest/node-npmtest-rc-tabs/test.js":{"path":"/home/travis/build/npmtest/node-npmtest-rc-tabs/test.js","s":{"1":2,"2":2,"3":2,"4":2,"5":2,"6":2,"7":2,"8":1,"9":2,"10":2,"11":1,"12":1,"13":1,"14":1,"15":2,"16":2,"17":2,"18":2,"19":1,"20":1,"21":2,"22":2,"23":2,"24":1,"25":1,"26":1,"27":1,"28":1,"29":1,"30":1,"31":1,"32":1,"33":1,"34":1,"35":1,"36":1,"37":1,"38":1,"39":2,"40":2,"41":1,"42":2,"43":2,"44":1,"45":2,"46":2,"47":1,"48":2,"49":2,"50":1,"51":1,"52":1,"53":1,"54":1},"b":{"1":[2,1,1,1],"2":[1,1,1,1],"3":[1,1],"4":[1,1],"5":[1,1],"6":[1,1],"7":[1,1],"8":[1,1],"9":[1,1],"10":[1,1,1],"11":[1,1],"12":[1,1],"13":[1,1],"14":[1,1],"15":[1,1],"16":[1,1],"17":[1,1]},"f":{"1":2,"2":2,"3":2,"4":2,"5":2,"6":1,"7":1,"8":1,"9":2,"10":2,"11":2,"12":2,"13":1},"fnMap":{"1":{"name":"(anonymous_1)","line":12,"loc":{"start":{"line":12,"column":1},"end":{"line":12,"column":13}}},"2":{"name":"(anonymous_2)","line":19,"loc":{"start":{"line":19,"column":5},"end":{"line":19,"column":17}}},"3":{"name":"(anonymous_3)","line":23,"loc":{"start":{"line":23,"column":24},"end":{"line":23,"column":36}}},"4":{"name":"(anonymous_4)","line":61,"loc":{"start":{"line":61,"column":5},"end":{"line":61,"column":17}}},"5":{"name":"(anonymous_5)","line":82,"loc":{"start":{"line":82,"column":5},"end":{"line":82,"column":17}}},"6":{"name":"(anonymous_6)","line":91,"loc":{"start":{"line":91,"column":77},"end":{"line":94,"column":10}}},"7":{"name":"(anonymous_7)","line":112,"loc":{"start":{"line":112,"column":83},"end":{"line":115,"column":10}},"skip":true},"8":{"name":"(anonymous_8)","line":123,"loc":{"start":{"line":123,"column":77},"end":{"line":126,"column":10}},"skip":true},"9":{"name":"(anonymous_9)","line":139,"loc":{"start":{"line":139,"column":12},"end":{"line":139,"column":40}},"skip":true},"10":{"name":"(anonymous_10)","line":147,"loc":{"start":{"line":147,"column":77},"end":{"line":150,"column":10}},"skip":true},"11":{"name":"(anonymous_11)","line":158,"loc":{"start":{"line":158,"column":83},"end":{"line":161,"column":10}},"skip":true},"12":{"name":"(anonymous_12)","line":169,"loc":{"start":{"line":169,"column":79},"end":{"line":172,"column":10}},"skip":true},"13":{"name":"(anonymous_13)","line":180,"loc":{"start":{"line":180,"column":75},"end":{"line":183,"column":10}},"skip":true}},"statementMap":{"1":{"start":{"line":12,"column":0},"end":{"line":195,"column":5}},"2":{"start":{"line":14,"column":4},"end":{"line":14,"column":14}},"3":{"start":{"line":19,"column":4},"end":{"line":56,"column":9}},"4":{"start":{"line":21,"column":8},"end":{"line":21,"column":19}},"5":{"start":{"line":23,"column":8},"end":{"line":35,"column":13}},"6":{"start":{"line":24,"column":12},"end":{"line":34,"column":13}},"7":{"start":{"line":25,"column":16},"end":{"line":28,"column":30}},"8":{"start":{"line":30,"column":16},"end":{"line":33,"column":27}},"9":{"start":{"line":37,"column":8},"end":{"line":39,"column":21}},"10":{"start":{"line":40,"column":8},"end":{"line":53,"column":9}},"11":{"start":{"line":43,"column":12},"end":{"line":46,"column":14}},"12":{"start":{"line":47,"column":12},"end":{"line":47,"column":18}},"13":{"start":{"line":50,"column":12},"end":{"line":51,"column":33}},"14":{"start":{"line":52,"column":12},"end":{"line":52,"column":18}},"15":{"start":{"line":55,"column":8},"end":{"line":55,"column":35}},"16":{"start":{"line":61,"column":4},"end":{"line":63,"column":9}},"17":{"start":{"line":62,"column":8},"end":{"line":62,"column":15}},"18":{"start":{"line":64,"column":4},"end":{"line":77,"column":5}},"19":{"start":{"line":70,"column":8},"end":{"line":70,"column":14}},"20":{"start":{"line":76,"column":8},"end":{"line":76,"column":14}},"21":{"start":{"line":82,"column":4},"end":{"line":84,"column":9}},"22":{"start":{"line":83,"column":8},"end":{"line":83,"column":15}},"23":{"start":{"line":85,"column":4},"end":{"line":194,"column":5}},"24":{"start":{"line":91,"column":8},"end":{"line":99,"column":10}},"25":{"start":{"line":98,"column":12},"end":{"line":98,"column":35}},"26":{"start":{"line":102,"column":8},"end":{"line":104,"column":63}},"27":{"start":{"line":105,"column":8},"end":{"line":105,"column":14}},"28":{"start":{"line":112,"column":8},"end":{"line":121,"column":10},"skip":true},"29":{"start":{"line":119,"column":12},"end":{"line":119,"column":55},"skip":true},"30":{"start":{"line":120,"column":12},"end":{"line":120,"column":48},"skip":true},"31":{"start":{"line":123,"column":8},"end":{"line":136,"column":10},"skip":true},"32":{"start":{"line":130,"column":12},"end":{"line":130,"column":76},"skip":true},"33":{"start":{"line":131,"column":12},"end":{"line":131,"column":73},"skip":true},"34":{"start":{"line":132,"column":12},"end":{"line":132,"column":74},"skip":true},"35":{"start":{"line":133,"column":12},"end":{"line":133,"column":79},"skip":true},"36":{"start":{"line":134,"column":12},"end":{"line":134,"column":25},"skip":true},"37":{"start":{"line":135,"column":12},"end":{"line":135,"column":45},"skip":true},"38":{"start":{"line":138,"column":8},"end":{"line":145,"column":14},"skip":true},"39":{"start":{"line":143,"column":16},"end":{"line":143,"column":29},"skip":true},"40":{"start":{"line":144,"column":16},"end":{"line":144,"column":55},"skip":true},"41":{"start":{"line":147,"column":8},"end":{"line":156,"column":10},"skip":true},"42":{"start":{"line":154,"column":12},"end":{"line":154,"column":25},"skip":true},"43":{"start":{"line":155,"column":12},"end":{"line":155,"column":45},"skip":true},"44":{"start":{"line":158,"column":8},"end":{"line":167,"column":10},"skip":true},"45":{"start":{"line":165,"column":12},"end":{"line":165,"column":25},"skip":true},"46":{"start":{"line":166,"column":12},"end":{"line":166,"column":48},"skip":true},"47":{"start":{"line":169,"column":8},"end":{"line":178,"column":10},"skip":true},"48":{"start":{"line":176,"column":12},"end":{"line":176,"column":25},"skip":true},"49":{"start":{"line":177,"column":12},"end":{"line":177,"column":46},"skip":true},"50":{"start":{"line":180,"column":8},"end":{"line":189,"column":10},"skip":true},"51":{"start":{"line":187,"column":12},"end":{"line":187,"column":94},"skip":true},"52":{"start":{"line":188,"column":12},"end":{"line":188,"column":48},"skip":true},"53":{"start":{"line":192,"column":8},"end":{"line":192,"column":35},"skip":true},"54":{"start":{"line":193,"column":8},"end":{"line":193,"column":14},"skip":true}},"branchMap":{"1":{"line":25,"type":"binary-expr","locations":[{"start":{"line":25,"column":23},"end":{"line":25,"column":62}},{"start":{"line":26,"column":20},"end":{"line":26,"column":70}},{"start":{"line":27,"column":20},"end":{"line":27,"column":71}},{"start":{"line":28,"column":20},"end":{"line":28,"column":29}}]},"2":{"line":30,"type":"binary-expr","locations":[{"start":{"line":30,"column":23},"end":{"line":30,"column":37}},{"start":{"line":31,"column":20},"end":{"line":31,"column":61}},{"start":{"line":32,"column":20},"end":{"line":32,"column":70}},{"start":{"line":33,"column":20},"end":{"line":33,"column":26}}]},"3":{"line":37,"type":"cond-expr","locations":[{"start":{"line":38,"column":14},"end":{"line":38,"column":20}},{"start":{"line":39,"column":14},"end":{"line":39,"column":20}}]},"4":{"line":40,"type":"switch","locations":[{"start":{"line":42,"column":8},"end":{"line":47,"column":18}},{"start":{"line":49,"column":8},"end":{"line":52,"column":18}}]},"5":{"line":44,"type":"binary-expr","locations":[{"start":{"line":44,"column":16},"end":{"line":44,"column":44}},{"start":{"line":44,"column":48},"end":{"line":44,"column":66}}]},"6":{"line":50,"type":"binary-expr","locations":[{"start":{"line":50,"column":21},"end":{"line":50,"column":49}},{"start":{"line":50,"column":53},"end":{"line":50,"column":72}}]},"7":{"line":64,"type":"switch","locations":[{"start":{"line":69,"column":4},"end":{"line":70,"column":14}},{"start":{"line":75,"column":4},"end":{"line":76,"column":14}}]},"8":{"line":85,"type":"switch","locations":[{"start":{"line":90,"column":4},"end":{"line":105,"column":14}},{"start":{"line":111,"column":4},"end":{"line":193,"column":14},"skip":true}]},"9":{"line":91,"type":"binary-expr","locations":[{"start":{"line":91,"column":42},"end":{"line":91,"column":73}},{"start":{"line":91,"column":77},"end":{"line":99,"column":9}}]},"10":{"line":102,"type":"binary-expr","locations":[{"start":{"line":102,"column":18},"end":{"line":102,"column":32}},{"start":{"line":103,"column":12},"end":{"line":103,"column":53}},{"start":{"line":104,"column":12},"end":{"line":104,"column":61}}]},"11":{"line":112,"type":"binary-expr","locations":[{"start":{"line":112,"column":45},"end":{"line":112,"column":79},"skip":true},{"start":{"line":112,"column":83},"end":{"line":121,"column":9},"skip":true}]},"12":{"line":123,"type":"binary-expr","locations":[{"start":{"line":123,"column":42},"end":{"line":123,"column":73},"skip":true},{"start":{"line":123,"column":77},"end":{"line":136,"column":9},"skip":true}]},"13":{"line":138,"type":"binary-expr","locations":[{"start":{"line":138,"column":48},"end":{"line":138,"column":85},"skip":true},{"start":{"line":139,"column":12},"end":{"line":145,"column":13},"skip":true}]},"14":{"line":147,"type":"binary-expr","locations":[{"start":{"line":147,"column":42},"end":{"line":147,"column":73},"skip":true},{"start":{"line":147,"column":77},"end":{"line":156,"column":9},"skip":true}]},"15":{"line":158,"type":"binary-expr","locations":[{"start":{"line":158,"column":45},"end":{"line":158,"column":79},"skip":true},{"start":{"line":158,"column":83},"end":{"line":167,"column":9},"skip":true}]},"16":{"line":169,"type":"binary-expr","locations":[{"start":{"line":169,"column":43},"end":{"line":169,"column":75},"skip":true},{"start":{"line":169,"column":79},"end":{"line":178,"column":9},"skip":true}]},"17":{"line":180,"type":"binary-expr","locations":[{"start":{"line":180,"column":41},"end":{"line":180,"column":71},"skip":true},{"start":{"line":180,"column":75},"end":{"line":189,"column":9},"skip":true}]}},"code":["/* istanbul instrument in package npmtest_rc_tabs */","/*jslint","    bitwise: true,","    browser: true,","    maxerr: 8,","    maxlen: 96,","    node: true,","    nomen: true,","    regexp: true,","    stupid: true","*/","(function () {","    'use strict';","    var local;","","","","    // run shared js-env code - pre-init","    (function () {","        // init local","        local = {};","        // init modeJs","        local.modeJs = (function () {","            try {","                return typeof navigator.userAgent === 'string' &&","                    typeof document.querySelector('body') === 'object' &&","                    typeof XMLHttpRequest.prototype.open === 'function' &&","                    'browser';","            } catch (errorCaughtBrowser) {","                return module.exports &&","                    typeof process.versions.node === 'string' &&","                    typeof require('http').createServer === 'function' &&","                    'node';","            }","        }());","        // init global","        local.global = local.modeJs === 'browser'","            ? window","            : global;","        switch (local.modeJs) {","        // re-init local from window.local","        case 'browser':","            local = local.global.utility2.objectSetDefault(","                local.global.utility2_rollup || local.global.local,","                local.global.utility2","            );","            break;","        // re-init local from example.js","        case 'node':","            local = (local.global.utility2_rollup || require('utility2'))","                .requireReadme();","            break;","        }","        // export local","        local.global.local = local;","    }());","","","","    // run shared js-env code - function","    (function () {","        return;","    }());","    switch (local.modeJs) {","","","","    // run browser js-env code - function","    case 'browser':","        break;","","","","    // run node js-env code - function","    case 'node':","        break;","    }","","","","    // run shared js-env code - post-init","    (function () {","        return;","    }());","    switch (local.modeJs) {","","","","    // run browser js-env code - post-init","    case 'browser':","        local.testCase_browser_nullCase = local.testCase_browser_nullCase || function (","            options,","            onError","        ) {","        /*","         * this function will test browsers's null-case handling-behavior-behavior","         */","            onError(null, options);","        };","","        // run tests","        local.nop(local.modeTest &&","            document.querySelector('#testRunButton1') &&","            document.querySelector('#testRunButton1').click());","        break;","","","","    // run node js-env code - post-init","    /* istanbul ignore next */","    case 'node':","        local.testCase_buildApidoc_default = local.testCase_buildApidoc_default || function (","            options,","            onError","        ) {","        /*","         * this function will test buildApidoc's default handling-behavior-behavior","         */","            options = { modulePathList: module.paths };","            local.buildApidoc(options, onError);","        };","","        local.testCase_buildApp_default = local.testCase_buildApp_default || function (","            options,","            onError","        ) {","        /*","         * this function will test buildApp's default handling-behavior-behavior","         */","            local.testCase_buildReadme_default(options, local.onErrorThrow);","            local.testCase_buildLib_default(options, local.onErrorThrow);","            local.testCase_buildTest_default(options, local.onErrorThrow);","            local.testCase_buildCustomOrg_default(options, local.onErrorThrow);","            options = [];","            local.buildApp(options, onError);","        };","","        local.testCase_buildCustomOrg_default = local.testCase_buildCustomOrg_default ||","            function (options, onError) {","            /*","             * this function will test buildCustomOrg's default handling-behavior","             */","                options = {};","                local.buildCustomOrg(options, onError);","            };","","        local.testCase_buildLib_default = local.testCase_buildLib_default || function (","            options,","            onError","        ) {","        /*","         * this function will test buildLib's default handling-behavior","         */","            options = {};","            local.buildLib(options, onError);","        };","","        local.testCase_buildReadme_default = local.testCase_buildReadme_default || function (","            options,","            onError","        ) {","        /*","         * this function will test buildReadme's default handling-behavior-behavior","         */","            options = {};","            local.buildReadme(options, onError);","        };","","        local.testCase_buildTest_default = local.testCase_buildTest_default || function (","            options,","            onError","        ) {","        /*","         * this function will test buildTest's default handling-behavior","         */","            options = {};","            local.buildTest(options, onError);","        };","","        local.testCase_webpage_default = local.testCase_webpage_default || function (","            options,","            onError","        ) {","        /*","         * this function will test webpage's default handling-behavior","         */","            options = { modeCoverageMerge: true, url: local.serverLocalHost + '?modeTest=1' };","            local.browserTest(options, onError);","        };","","        // run test-server","        local.testRunServer(local);","        break;","    }","}());",""],"l":{"12":2,"14":2,"19":2,"21":2,"23":2,"24":2,"25":2,"30":1,"37":2,"40":2,"43":1,"47":1,"50":1,"52":1,"55":2,"61":2,"62":2,"64":2,"70":1,"76":1,"82":2,"83":2,"85":2,"91":1,"98":1,"102":1,"105":1,"112":1,"119":1,"120":1,"123":1,"130":1,"131":1,"132":1,"133":1,"134":1,"135":1,"138":1,"143":2,"144":2,"147":1,"154":2,"155":2,"158":1,"165":2,"166":2,"169":1,"176":2,"177":2,"180":1,"187":1,"188":1,"192":1,"193":1}},"/home/travis/build/npmtest/node-npmtest-rc-tabs/lib.npmtest_rc_tabs.js":{"path":"/home/travis/build/npmtest/node-npmtest-rc-tabs/lib.npmtest_rc_tabs.js","s":{"1":2,"2":2,"3":2,"4":2,"5":2,"6":2,"7":2,"8":1,"9":2,"10":2,"11":2,"12":2,"13":1,"14":1,"15":1,"16":1},"b":{"1":[2,1,1,1],"2":[1,1,1,1],"3":[1,1],"4":[2,2],"5":[1,1]},"f":{"1":2,"2":2,"3":2},"fnMap":{"1":{"name":"(anonymous_1)","line":12,"loc":{"start":{"line":12,"column":1},"end":{"line":12,"column":13}}},"2":{"name":"(anonymous_2)","line":19,"loc":{"start":{"line":19,"column":5},"end":{"line":19,"column":17}}},"3":{"name":"(anonymous_3)","line":23,"loc":{"start":{"line":23,"column":24},"end":{"line":23,"column":36}}}},"statementMap":{"1":{"start":{"line":12,"column":0},"end":{"line":53,"column":5}},"2":{"start":{"line":14,"column":4},"end":{"line":14,"column":14}},"3":{"start":{"line":19,"column":4},"end":{"line":52,"column":9}},"4":{"start":{"line":21,"column":8},"end":{"line":21,"column":19}},"5":{"start":{"line":23,"column":8},"end":{"line":35,"column":13}},"6":{"start":{"line":24,"column":12},"end":{"line":34,"column":13}},"7":{"start":{"line":25,"column":16},"end":{"line":28,"column":30}},"8":{"start":{"line":30,"column":16},"end":{"line":33,"column":27}},"9":{"start":{"line":37,"column":8},"end":{"line":39,"column":21}},"10":{"start":{"line":41,"column":8},"end":{"line":41,"column":54}},"11":{"start":{"line":43,"column":8},"end":{"line":43,"column":52}},"12":{"start":{"line":45,"column":8},"end":{"line":51,"column":9}},"13":{"start":{"line":46,"column":12},"end":{"line":46,"column":58}},"14":{"start":{"line":48,"column":12},"end":{"line":48,"column":35}},"15":{"start":{"line":49,"column":12},"end":{"line":49,"column":49}},"16":{"start":{"line":50,"column":12},"end":{"line":50,"column":43}}},"branchMap":{"1":{"line":25,"type":"binary-expr","locations":[{"start":{"line":25,"column":23},"end":{"line":25,"column":62}},{"start":{"line":26,"column":20},"end":{"line":26,"column":70}},{"start":{"line":27,"column":20},"end":{"line":27,"column":71}},{"start":{"line":28,"column":20},"end":{"line":28,"column":29}}]},"2":{"line":30,"type":"binary-expr","locations":[{"start":{"line":30,"column":23},"end":{"line":30,"column":37}},{"start":{"line":31,"column":20},"end":{"line":31,"column":61}},{"start":{"line":32,"column":20},"end":{"line":32,"column":70}},{"start":{"line":33,"column":20},"end":{"line":33,"column":26}}]},"3":{"line":37,"type":"cond-expr","locations":[{"start":{"line":38,"column":14},"end":{"line":38,"column":20}},{"start":{"line":39,"column":14},"end":{"line":39,"column":20}}]},"4":{"line":41,"type":"binary-expr","locations":[{"start":{"line":41,"column":16},"end":{"line":41,"column":44}},{"start":{"line":41,"column":48},"end":{"line":41,"column":53}}]},"5":{"line":45,"type":"if","locations":[{"start":{"line":45,"column":8},"end":{"line":45,"column":8}},{"start":{"line":45,"column":8},"end":{"line":45,"column":8}}]}},"code":["/* istanbul instrument in package npmtest_rc_tabs */","/*jslint","    bitwise: true,","    browser: true,","    maxerr: 8,","    maxlen: 96,","    node: true,","    nomen: true,","    regexp: true,","    stupid: true","*/","(function () {","    'use strict';","    var local;","","","","    // run shared js-env code - pre-init","    (function () {","        // init local","        local = {};","        // init modeJs","        local.modeJs = (function () {","            try {","                return typeof navigator.userAgent === 'string' &&","                    typeof document.querySelector('body') === 'object' &&","                    typeof XMLHttpRequest.prototype.open === 'function' &&","                    'browser';","            } catch (errorCaughtBrowser) {","                return module.exports &&","                    typeof process.versions.node === 'string' &&","                    typeof require('http').createServer === 'function' &&","                    'node';","            }","        }());","        // init global","        local.global = local.modeJs === 'browser'","            ? window","            : global;","        // init utility2_rollup","        local = local.global.utility2_rollup || local;","        // init lib","        local.local = local.npmtest_rc_tabs = local;","        // init exports","        if (local.modeJs === 'browser') {","            local.global.utility2_npmtest_rc_tabs = local;","        } else {","            module.exports = local;","            module.exports.__dirname = __dirname;","            module.exports.module = module;","        }","    }());","}());",""],"l":{"12":2,"14":2,"19":2,"21":2,"23":2,"24":2,"25":2,"30":1,"37":2,"41":2,"43":2,"45":2,"46":1,"48":1,"49":1,"50":1}},"/home/travis/build/npmtest/node-npmtest-rc-tabs/example.js":{"path":"/home/travis/build/npmtest/node-npmtest-rc-tabs/example.js","s":{"1":2,"2":2,"3":2,"4":2,"5":2,"6":2,"7":2,"8":1,"9":2,"10":2,"11":2,"12":2,"13":1,"14":2,"15":2,"16":2,"17":2,"18":2,"19":0,"20":2,"21":1,"22":1,"23":1,"24":1,"25":1,"26":0,"27":0,"28":1,"29":1,"30":2,"31":0,"32":0,"33":0,"34":1,"35":2,"36":2,"37":3,"38":3,"39":3,"40":3,"41":0,"42":3,"43":3,"44":3,"45":1,"46":3,"47":1,"48":1,"49":1,"50":1,"51":1,"52":1,"53":1,"54":1,"55":1,"56":1,"57":0,"58":1,"59":6,"60":6,"61":1,"62":2,"63":0,"64":2,"65":1,"66":1,"67":0,"68":0,"69":0,"70":0,"71":0,"72":0,"73":0,"74":0,"75":0,"76":0,"77":0,"78":0,"79":0,"80":0,"81":0,"82":0,"83":0},"b":{"1":[2,1,1,1],"2":[1,1,1,1],"3":[1,1],"4":[2,2],"5":[1,1],"6":[1,1],"7":[2,0],"8":[2,1,1,1,1,1],"9":[0,2,0],"10":[1,1],"11":[2,1,1],"12":[1,0],"13":[0,2],"14":[2,0,0,0,0,0,0],"15":[0,3],"16":[3,0],"17":[1,1],"18":[0,1],"19":[1,2,0,2],"20":[1,0],"21":[1,1],"22":[0,0],"23":[0,0],"24":[0,0],"25":[0,0],"26":[0,0],"27":[0,0],"28":[0,0]},"f":{"1":2,"2":2,"3":2,"4":2,"5":2,"6":2,"7":3,"8":3,"9":3,"10":1,"11":6,"12":0},"fnMap":{"1":{"name":"(anonymous_1)","line":26,"loc":{"start":{"line":26,"column":1},"end":{"line":26,"column":13}}},"2":{"name":"(anonymous_2)","line":33,"loc":{"start":{"line":33,"column":5},"end":{"line":33,"column":17}}},"3":{"name":"(anonymous_3)","line":37,"loc":{"start":{"line":37,"column":24},"end":{"line":37,"column":36}}},"4":{"name":"(anonymous_4)","line":69,"loc":{"start":{"line":69,"column":31},"end":{"line":69,"column":48}},"skip":true},"5":{"name":"(anonymous_5)","line":78,"loc":{"start":{"line":78,"column":26},"end":{"line":78,"column":45}},"skip":true},"6":{"name":"(anonymous_6)","line":123,"loc":{"start":{"line":123,"column":33},"end":{"line":123,"column":48}},"skip":true},"7":{"name":"(anonymous_7)","line":125,"loc":{"start":{"line":125,"column":27},"end":{"line":125,"column":39}},"skip":true},"8":{"name":"(anonymous_8)","line":133,"loc":{"start":{"line":133,"column":59},"end":{"line":133,"column":74}},"skip":true},"9":{"name":"(anonymous_9)","line":143,"loc":{"start":{"line":143,"column":45},"end":{"line":143,"column":62}},"skip":true},"10":{"name":"(anonymous_10)","line":144,"loc":{"start":{"line":144,"column":73},"end":{"line":144,"column":92}},"skip":true},"11":{"name":"(anonymous_11)","line":272,"loc":{"start":{"line":272,"column":51},"end":{"line":272,"column":77}},"skip":true},"12":{"name":"(anonymous_12)","line":315,"loc":{"start":{"line":315,"column":32},"end":{"line":315,"column":61}},"skip":true}},"statementMap":{"1":{"start":{"line":26,"column":0},"end":{"line":326,"column":5}},"2":{"start":{"line":28,"column":4},"end":{"line":28,"column":14}},"3":{"start":{"line":33,"column":4},"end":{"line":60,"column":9}},"4":{"start":{"line":35,"column":8},"end":{"line":35,"column":19}},"5":{"start":{"line":37,"column":8},"end":{"line":49,"column":13}},"6":{"start":{"line":38,"column":12},"end":{"line":48,"column":13}},"7":{"start":{"line":39,"column":16},"end":{"line":42,"column":30}},"8":{"start":{"line":44,"column":16},"end":{"line":47,"column":27}},"9":{"start":{"line":51,"column":8},"end":{"line":53,"column":21}},"10":{"start":{"line":55,"column":8},"end":{"line":57,"column":45}},"11":{"start":{"line":59,"column":8},"end":{"line":59,"column":35}},"12":{"start":{"line":61,"column":4},"end":{"line":325,"column":5}},"13":{"start":{"line":69,"column":8},"end":{"line":121,"column":10},"skip":true},"14":{"start":{"line":70,"column":12},"end":{"line":88,"column":13},"skip":true},"15":{"start":{"line":76,"column":16},"end":{"line":87,"column":19},"skip":true},"16":{"start":{"line":79,"column":20},"end":{"line":86,"column":21},"skip":true},"17":{"start":{"line":82,"column":24},"end":{"line":82,"column":43},"skip":true},"18":{"start":{"line":83,"column":24},"end":{"line":83,"column":30},"skip":true},"19":{"start":{"line":85,"column":24},"end":{"line":85,"column":49},"skip":true},"20":{"start":{"line":89,"column":12},"end":{"line":107,"column":13},"skip":true},"21":{"start":{"line":92,"column":16},"end":{"line":102,"column":17},"skip":true},"22":{"start":{"line":93,"column":20},"end":{"line":93,"column":86},"skip":true},"23":{"start":{"line":94,"column":20},"end":{"line":95,"column":45},"skip":true},"24":{"start":{"line":96,"column":20},"end":{"line":96,"column":42},"skip":true},"25":{"start":{"line":97,"column":20},"end":{"line":97,"column":48},"skip":true},"26":{"start":{"line":100,"column":20},"end":{"line":100,"column":85},"skip":true},"27":{"start":{"line":101,"column":20},"end":{"line":101,"column":96},"skip":true},"28":{"start":{"line":103,"column":16},"end":{"line":103,"column":22},"skip":true},"29":{"start":{"line":106,"column":16},"end":{"line":106,"column":22},"skip":true},"30":{"start":{"line":108,"column":12},"end":{"line":120,"column":13},"skip":true},"31":{"start":{"line":114,"column":16},"end":{"line":119,"column":17},"skip":true},"32":{"start":{"line":116,"column":20},"end":{"line":116,"column":78},"skip":true},"33":{"start":{"line":118,"column":20},"end":{"line":118,"column":47},"skip":true},"34":{"start":{"line":123,"column":8},"end":{"line":141,"column":11},"skip":true},"35":{"start":{"line":124,"column":12},"end":{"line":124,"column":54},"skip":true},"36":{"start":{"line":125,"column":12},"end":{"line":140,"column":14},"skip":true},"37":{"start":{"line":126,"column":16},"end":{"line":126,"column":28},"skip":true},"38":{"start":{"line":127,"column":16},"end":{"line":127,"column":69},"skip":true},"39":{"start":{"line":128,"column":16},"end":{"line":128,"column":75},"skip":true},"40":{"start":{"line":129,"column":16},"end":{"line":131,"column":17},"skip":true},"41":{"start":{"line":130,"column":20},"end":{"line":130,"column":27},"skip":true},"42":{"start":{"line":133,"column":16},"end":{"line":137,"column":36},"skip":true},"43":{"start":{"line":134,"column":20},"end":{"line":136,"column":55},"skip":true},"44":{"start":{"line":139,"column":16},"end":{"line":139,"column":57},"skip":true},"45":{"start":{"line":143,"column":8},"end":{"line":147,"column":11},"skip":true},"46":{"start":{"line":144,"column":12},"end":{"line":146,"column":15},"skip":true},"47":{"start":{"line":145,"column":16},"end":{"line":145,"column":70},"skip":true},"48":{"start":{"line":149,"column":8},"end":{"line":149,"column":31},"skip":true},"49":{"start":{"line":150,"column":8},"end":{"line":150,"column":14},"skip":true},"50":{"start":{"line":158,"column":8},"end":{"line":158,"column":31},"skip":true},"51":{"start":{"line":160,"column":8},"end":{"line":160,"column":33},"skip":true},"52":{"start":{"line":161,"column":8},"end":{"line":161,"column":37},"skip":true},"53":{"start":{"line":162,"column":8},"end":{"line":162,"column":35},"skip":true},"54":{"start":{"line":164,"column":8},"end":{"line":164,"column":50},"skip":true},"55":{"start":{"line":166,"column":8},"end":{"line":256,"column":2},"skip":true},"56":{"start":{"line":258,"column":8},"end":{"line":286,"column":9},"skip":true},"57":{"start":{"line":259,"column":12},"end":{"line":269,"column":14},"skip":true},"58":{"start":{"line":271,"column":12},"end":{"line":285,"column":19},"skip":true},"59":{"start":{"line":274,"column":20},"end":{"line":274,"column":35},"skip":true},"60":{"start":{"line":275,"column":20},"end":{"line":284,"column":21},"skip":true},"61":{"start":{"line":277,"column":24},"end":{"line":277,"column":64},"skip":true},"62":{"start":{"line":279,"column":24},"end":{"line":279,"column":40},"skip":true},"63":{"start":{"line":281,"column":24},"end":{"line":281,"column":40},"skip":true},"64":{"start":{"line":283,"column":24},"end":{"line":283,"column":39},"skip":true},"65":{"start":{"line":288,"column":8},"end":{"line":290,"column":9},"skip":true},"66":{"start":{"line":289,"column":12},"end":{"line":289,"column":18},"skip":true},"67":{"start":{"line":291,"column":8},"end":{"line":293,"column":54},"skip":true},"68":{"start":{"line":296,"column":8},"end":{"line":301,"column":37},"skip":true},"69":{"start":{"line":303,"column":8},"end":{"line":303,"column":82},"skip":true},"70":{"start":{"line":306,"column":8},"end":{"line":308,"column":9},"skip":true},"71":{"start":{"line":307,"column":12},"end":{"line":307,"column":82},"skip":true},"72":{"start":{"line":310,"column":8},"end":{"line":312,"column":9},"skip":true},"73":{"start":{"line":311,"column":12},"end":{"line":311,"column":18},"skip":true},"74":{"start":{"line":313,"column":8},"end":{"line":313,"column":54},"skip":true},"75":{"start":{"line":314,"column":8},"end":{"line":314,"column":69},"skip":true},"76":{"start":{"line":315,"column":8},"end":{"line":323,"column":36},"skip":true},"77":{"start":{"line":316,"column":12},"end":{"line":316,"column":61},"skip":true},"78":{"start":{"line":317,"column":12},"end":{"line":320,"column":13},"skip":true},"79":{"start":{"line":318,"column":16},"end":{"line":318,"column":75},"skip":true},"80":{"start":{"line":319,"column":16},"end":{"line":319,"column":23},"skip":true},"81":{"start":{"line":321,"column":12},"end":{"line":321,"column":38},"skip":true},"82":{"start":{"line":322,"column":12},"end":{"line":322,"column":27},"skip":true},"83":{"start":{"line":324,"column":8},"end":{"line":324,"column":14},"skip":true}},"branchMap":{"1":{"line":39,"type":"binary-expr","locations":[{"start":{"line":39,"column":23},"end":{"line":39,"column":62}},{"start":{"line":40,"column":20},"end":{"line":40,"column":70}},{"start":{"line":41,"column":20},"end":{"line":41,"column":71}},{"start":{"line":42,"column":20},"end":{"line":42,"column":29}}]},"2":{"line":44,"type":"binary-expr","locations":[{"start":{"line":44,"column":23},"end":{"line":44,"column":37}},{"start":{"line":45,"column":20},"end":{"line":45,"column":61}},{"start":{"line":46,"column":20},"end":{"line":46,"column":70}},{"start":{"line":47,"column":20},"end":{"line":47,"column":26}}]},"3":{"line":51,"type":"cond-expr","locations":[{"start":{"line":52,"column":14},"end":{"line":52,"column":20}},{"start":{"line":53,"column":14},"end":{"line":53,"column":20}}]},"4":{"line":55,"type":"binary-expr","locations":[{"start":{"line":55,"column":16},"end":{"line":55,"column":44}},{"start":{"line":55,"column":49},"end":{"line":57,"column":43}}]},"5":{"line":55,"type":"cond-expr","locations":[{"start":{"line":56,"column":14},"end":{"line":56,"column":51}},{"start":{"line":57,"column":14},"end":{"line":57,"column":43}}]},"6":{"line":61,"type":"switch","locations":[{"start":{"line":68,"column":4},"end":{"line":150,"column":14},"skip":true},{"start":{"line":156,"column":4},"end":{"line":324,"column":14},"skip":true}]},"7":{"line":70,"type":"if","locations":[{"start":{"line":70,"column":12},"end":{"line":70,"column":12},"skip":true},{"start":{"line":70,"column":12},"end":{"line":70,"column":12},"skip":true}]},"8":{"line":70,"type":"binary-expr","locations":[{"start":{"line":70,"column":16},"end":{"line":70,"column":22},"skip":true},{"start":{"line":70,"column":27},"end":{"line":70,"column":32},"skip":true},{"start":{"line":71,"column":20},"end":{"line":71,"column":39},"skip":true},{"start":{"line":72,"column":20},"end":{"line":72,"column":49},"skip":true},{"start":{"line":73,"column":20},"end":{"line":73,"column":58},"skip":true},{"start":{"line":74,"column":20},"end":{"line":74,"column":69},"skip":true}]},"9":{"line":79,"type":"switch","locations":[{"start":{"line":80,"column":20},"end":{"line":80,"column":33},"skip":true},{"start":{"line":81,"column":20},"end":{"line":83,"column":30},"skip":true},{"start":{"line":84,"column":20},"end":{"line":85,"column":49},"skip":true}]},"10":{"line":89,"type":"switch","locations":[{"start":{"line":90,"column":12},"end":{"line":103,"column":22},"skip":true},{"start":{"line":105,"column":12},"end":{"line":106,"column":22},"skip":true}]},"11":{"line":89,"type":"binary-expr","locations":[{"start":{"line":89,"column":20},"end":{"line":89,"column":25},"skip":true},{"start":{"line":89,"column":29},"end":{"line":89,"column":48},"skip":true},{"start":{"line":89,"column":52},"end":{"line":89,"column":74},"skip":true}]},"12":{"line":92,"type":"if","locations":[{"start":{"line":92,"column":16},"end":{"line":92,"column":16},"skip":true},{"start":{"line":92,"column":16},"end":{"line":92,"column":16},"skip":true}]},"13":{"line":108,"type":"if","locations":[{"start":{"line":108,"column":12},"end":{"line":108,"column":12},"skip":true},{"start":{"line":108,"column":12},"end":{"line":108,"column":12},"skip":true}]},"14":{"line":108,"type":"binary-expr","locations":[{"start":{"line":108,"column":16},"end":{"line":108,"column":61},"skip":true},{"start":{"line":108,"column":66},"end":{"line":108,"column":72},"skip":true},{"start":{"line":108,"column":77},"end":{"line":108,"column":82},"skip":true},{"start":{"line":109,"column":20},"end":{"line":109,"column":39},"skip":true},{"start":{"line":110,"column":20},"end":{"line":110,"column":49},"skip":true},{"start":{"line":111,"column":20},"end":{"line":111,"column":58},"skip":true},{"start":{"line":112,"column":20},"end":{"line":112,"column":68},"skip":true}]},"15":{"line":129,"type":"if","locations":[{"start":{"line":129,"column":16},"end":{"line":129,"column":16},"skip":true},{"start":{"line":129,"column":16},"end":{"line":129,"column":16},"skip":true}]},"16":{"line":134,"type":"cond-expr","locations":[{"start":{"line":135,"column":26},"end":{"line":135,"column":29},"skip":true},{"start":{"line":136,"column":26},"end":{"line":136,"column":54},"skip":true}]},"17":{"line":164,"type":"binary-expr","locations":[{"start":{"line":164,"column":27},"end":{"line":164,"column":43},"skip":true},{"start":{"line":164,"column":47},"end":{"line":164,"column":49},"skip":true}]},"18":{"line":258,"type":"if","locations":[{"start":{"line":258,"column":8},"end":{"line":258,"column":8},"skip":true},{"start":{"line":258,"column":8},"end":{"line":258,"column":8},"skip":true}]},"19":{"line":275,"type":"switch","locations":[{"start":{"line":276,"column":20},"end":{"line":277,"column":64},"skip":true},{"start":{"line":278,"column":20},"end":{"line":279,"column":40},"skip":true},{"start":{"line":280,"column":20},"end":{"line":281,"column":40},"skip":true},{"start":{"line":282,"column":20},"end":{"line":283,"column":39},"skip":true}]},"20":{"line":288,"type":"if","locations":[{"start":{"line":288,"column":8},"end":{"line":288,"column":8},"skip":true},{"start":{"line":288,"column":8},"end":{"line":288,"column":8},"skip":true}]},"21":{"line":288,"type":"binary-expr","locations":[{"start":{"line":288,"column":12},"end":{"line":288,"column":40},"skip":true},{"start":{"line":288,"column":44},"end":{"line":288,"column":67},"skip":true}]},"22":{"line":292,"type":"binary-expr","locations":[{"start":{"line":292,"column":12},"end":{"line":292,"column":50},"skip":true},{"start":{"line":293,"column":12},"end":{"line":293,"column":53},"skip":true}]},"23":{"line":297,"type":"binary-expr","locations":[{"start":{"line":297,"column":12},"end":{"line":297,"column":65},"skip":true},{"start":{"line":298,"column":12},"end":{"line":301,"column":36},"skip":true}]},"24":{"line":303,"type":"binary-expr","locations":[{"start":{"line":303,"column":43},"end":{"line":303,"column":75},"skip":true},{"start":{"line":303,"column":79},"end":{"line":303,"column":81},"skip":true}]},"25":{"line":306,"type":"if","locations":[{"start":{"line":306,"column":8},"end":{"line":306,"column":8},"skip":true},{"start":{"line":306,"column":8},"end":{"line":306,"column":8},"skip":true}]},"26":{"line":310,"type":"if","locations":[{"start":{"line":310,"column":8},"end":{"line":310,"column":8},"skip":true},{"start":{"line":310,"column":8},"end":{"line":310,"column":8},"skip":true}]},"27":{"line":313,"type":"binary-expr","locations":[{"start":{"line":313,"column":27},"end":{"line":313,"column":43},"skip":true},{"start":{"line":313,"column":47},"end":{"line":313,"column":53},"skip":true}]},"28":{"line":317,"type":"if","locations":[{"start":{"line":317,"column":12},"end":{"line":317,"column":12},"skip":true},{"start":{"line":317,"column":12},"end":{"line":317,"column":12},"skip":true}]}},"code":["/*","example.js","","quickstart example","","instruction","    1. save this script as example.js","    2. run the shell command:","        $ npm install npmtest-rc-tabs && PORT=8081 node example.js","    3. play with the browser-demo on http://127.0.0.1:8081","*/","","","","/* istanbul instrument in package npmtest_rc_tabs */","/*jslint","    bitwise: true,","    browser: true,","    maxerr: 8,","    maxlen: 96,","    node: true,","    nomen: true,","    regexp: true,","    stupid: true","*/","(function () {","    'use strict';","    var local;","","","","    // run shared js-env code - pre-init","    (function () {","        // init local","        local = {};","        // init modeJs","        local.modeJs = (function () {","            try {","                return typeof navigator.userAgent === 'string' &&","                    typeof document.querySelector('body') === 'object' &&","                    typeof XMLHttpRequest.prototype.open === 'function' &&","                    'browser';","            } catch (errorCaughtBrowser) {","                return module.exports &&","                    typeof process.versions.node === 'string' &&","                    typeof require('http').createServer === 'function' &&","                    'node';","            }","        }());","        // init global","        local.global = local.modeJs === 'browser'","            ? window","            : global;","        // init utility2_rollup","        local = local.global.utility2_rollup || (local.modeJs === 'browser'","            ? local.global.utility2_npmtest_rc_tabs","            : global.utility2_moduleExports);","        // export local","        local.global.local = local;","    }());","    switch (local.modeJs) {","","","","    // post-init","    // run browser js-env code - post-init","    /* istanbul ignore next */","    case 'browser':","        local.testRunBrowser = function (event) {","            if (!event || (event &&","                    event.currentTarget &&","                    event.currentTarget.className &&","                    event.currentTarget.className.includes &&","                    event.currentTarget.className.includes('onreset'))) {","                // reset output","                Array.from(","                    document.querySelectorAll('body > .resettable')","                ).forEach(function (element) {","                    switch (element.tagName) {","                    case 'INPUT':","                    case 'TEXTAREA':","                        element.value = '';","                        break;","                    default:","                        element.textContent = '';","                    }","                });","            }","            switch (event && event.currentTarget && event.currentTarget.id) {","            case 'testRunButton1':","                // show tests","                if (document.querySelector('#testReportDiv1').style.display === 'none') {","                    document.querySelector('#testReportDiv1').style.display = 'block';","                    document.querySelector('#testRunButton1').textContent =","                        'hide internal test';","                    local.modeTest = true;","                    local.testRunDefault(local);","                // hide tests","                } else {","                    document.querySelector('#testReportDiv1').style.display = 'none';","                    document.querySelector('#testRunButton1').textContent = 'run internal test';","                }","                break;","            // custom-case","            default:","                break;","            }","            if (document.querySelector('#inputTextareaEval1') && (!event || (event &&","                    event.currentTarget &&","                    event.currentTarget.className &&","                    event.currentTarget.className.includes &&","                    event.currentTarget.className.includes('oneval')))) {","                // try to eval input-code","                try {","                    /*jslint evil: true*/","                    eval(document.querySelector('#inputTextareaEval1').value);","                } catch (errorCaught) {","                    console.error(errorCaught);","                }","            }","        };","        // log stderr and stdout to #outputTextareaStdout1","        ['error', 'log'].forEach(function (key) {","            console[key + '_original'] = console[key];","            console[key] = function () {","                var element;","                console[key + '_original'].apply(console, arguments);","                element = document.querySelector('#outputTextareaStdout1');","                if (!element) {","                    return;","                }","                // append text to #outputTextareaStdout1","                element.value += Array.from(arguments).map(function (arg) {","                    return typeof arg === 'string'","                        ? arg","                        : JSON.stringify(arg, null, 4);","                }).join(' ') + '\\n';","                // scroll textarea to bottom","                element.scrollTop = element.scrollHeight;","            };","        });","        // init event-handling","        ['change', 'click', 'keyup'].forEach(function (event) {","            Array.from(document.querySelectorAll('.on' + event)).forEach(function (element) {","                element.addEventListener(event, local.testRunBrowser);","            });","        });","        // run tests","        local.testRunBrowser();","        break;","","","","    // run node js-env code - post-init","    /* istanbul ignore next */","    case 'node':","        // export local","        module.exports = local;","        // require modules","        local.fs = require('fs');","        local.http = require('http');","        local.url = require('url');","        // init assets","        local.assetsDict = local.assetsDict || {};","        /* jslint-ignore-begin */","        local.assetsDict['/assets.index.template.html'] = '\\","<!doctype html>\\n\\","<html lang=\"en\">\\n\\","<head>\\n\\","<meta charset=\"UTF-8\">\\n\\","<meta name=\"viewport\" content=\"width=device-width, initial-scale=1\">\\n\\","<title>{{env.npm_package_name}} (v{{env.npm_package_version}})</title>\\n\\","<style>\\n\\","/*csslint\\n\\","    box-sizing: false,\\n\\","    universal-selector: false\\n\\","*/\\n\\","* {\\n\\","    box-sizing: border-box;\\n\\","}\\n\\","body {\\n\\","    background: #dde;\\n\\","    font-family: Arial, Helvetica, sans-serif;\\n\\","    margin: 2rem;\\n\\","}\\n\\","body > * {\\n\\","    margin-bottom: 1rem;\\n\\","}\\n\\",".utility2FooterDiv {\\n\\","    margin-top: 20px;\\n\\","    text-align: center;\\n\\","}\\n\\","</style>\\n\\","<style>\\n\\","/*csslint\\n\\","*/\\n\\","textarea {\\n\\","    font-family: monospace;\\n\\","    height: 10rem;\\n\\","    width: 100%;\\n\\","}\\n\\","textarea[readonly] {\\n\\","    background: #ddd;\\n\\","}\\n\\","</style>\\n\\","</head>\\n\\","<body>\\n\\","<!-- utility2-comment\\n\\","<div id=\"ajaxProgressDiv1\" style=\"background: #d00; height: 2px; left: 0; margin: 0; padding: 0; position: fixed; top: 0; transition: background 0.5s, width 1.5s; width: 25%;\"></div>\\n\\","utility2-comment -->\\n\\","<h1>\\n\\","<!-- utility2-comment\\n\\","    <a\\n\\","        {{#if env.npm_package_homepage}}\\n\\","        href=\"{{env.npm_package_homepage}}\"\\n\\","        {{/if env.npm_package_homepage}}\\n\\","        target=\"_blank\"\\n\\","    >\\n\\","utility2-comment -->\\n\\","        {{env.npm_package_name}} (v{{env.npm_package_version}})\\n\\","<!-- utility2-comment\\n\\","    </a>\\n\\","utility2-comment -->\\n\\","</h1>\\n\\","<h3>{{env.npm_package_description}}</h3>\\n\\","<!-- utility2-comment\\n\\","<h4><a download href=\"assets.app.js\">download standalone app</a></h4>\\n\\","<button class=\"onclick onreset\" id=\"testRunButton1\">run internal test</button><br>\\n\\","<div id=\"testReportDiv1\" style=\"display: none;\"></div>\\n\\","utility2-comment -->\\n\\","\\n\\","\\n\\","\\n\\","<label>stderr and stdout</label>\\n\\","<textarea class=\"resettable\" id=\"outputTextareaStdout1\" readonly></textarea>\\n\\","<!-- utility2-comment\\n\\","{{#if isRollup}}\\n\\","<script src=\"assets.app.js\"></script>\\n\\","{{#unless isRollup}}\\n\\","utility2-comment -->\\n\\","<script src=\"assets.utility2.rollup.js\"></script>\\n\\","<script src=\"jsonp.utility2._stateInit?callback=window.utility2._stateInit\"></script>\\n\\","<script src=\"assets.npmtest_rc_tabs.rollup.js\"></script>\\n\\","<script src=\"assets.example.js\"></script>\\n\\","<script src=\"assets.test.js\"></script>\\n\\","<!-- utility2-comment\\n\\","{{/if isRollup}}\\n\\","utility2-comment -->\\n\\","<div class=\"utility2FooterDiv\">\\n\\","    [ this app was created with\\n\\","    <a href=\"https://github.com/kaizhu256/node-utility2\" target=\"_blank\">utility2</a>\\n\\","    ]\\n\\","</div>\\n\\","</body>\\n\\","</html>\\n\\","';","        /* jslint-ignore-end */","        if (local.templateRender) {","            local.assetsDict['/'] = local.templateRender(","                local.assetsDict['/assets.index.template.html'],","                {","                    env: local.objectSetDefault(local.env, {","                        npm_package_description: 'the greatest app in the world!',","                        npm_package_name: 'my-app',","                        npm_package_nameAlias: 'my_app',","                        npm_package_version: '0.0.1'","                    })","                }","            );","        } else {","            local.assetsDict['/'] = local.assetsDict['/assets.index.template.html']","                .replace((/\\{\\{env\\.(\\w+?)\\}\\}/g), function (match0, match1) {","                    // jslint-hack","                    String(match0);","                    switch (match1) {","                    case 'npm_package_description':","                        return 'the greatest app in the world!';","                    case 'npm_package_name':","                        return 'my-app';","                    case 'npm_package_nameAlias':","                        return 'my_app';","                    case 'npm_package_version':","                        return '0.0.1';","                    }","                });","        }","        // run the cli","        if (local.global.utility2_rollup || module !== require.main) {","            break;","        }","        local.assetsDict['/assets.example.js'] =","            local.assetsDict['/assets.example.js'] ||","            local.fs.readFileSync(__filename, 'utf8');","        // bug-workaround - long $npm_package_buildCustomOrg","        /* jslint-ignore-begin */","        local.assetsDict['/assets.npmtest_rc_tabs.rollup.js'] =","            local.assetsDict['/assets.npmtest_rc_tabs.rollup.js'] ||","            local.fs.readFileSync(","                local.npmtest_rc_tabs.__dirname + '/lib.npmtest_rc_tabs.js',","                'utf8'","            ).replace((/^#!/), '//');","        /* jslint-ignore-end */","        local.assetsDict['/favicon.ico'] = local.assetsDict['/favicon.ico'] || '';","        // if $npm_config_timeout_exit exists,","        // then exit this process after $npm_config_timeout_exit ms","        if (Number(process.env.npm_config_timeout_exit)) {","            setTimeout(process.exit, Number(process.env.npm_config_timeout_exit));","        }","        // start server","        if (local.global.utility2_serverHttp1) {","            break;","        }","        process.env.PORT = process.env.PORT || '8081';","        console.error('server starting on port ' + process.env.PORT);","        local.http.createServer(function (request, response) {","            request.urlParsed = local.url.parse(request.url);","            if (local.assetsDict[request.urlParsed.pathname] !== undefined) {","                response.end(local.assetsDict[request.urlParsed.pathname]);","                return;","            }","            response.statusCode = 404;","            response.end();","        }).listen(process.env.PORT);","        break;","    }","}());",""],"l":{"26":2,"28":2,"33":2,"35":2,"37":2,"38":2,"39":2,"44":1,"51":2,"55":2,"59":2,"61":2,"69":1,"70":2,"76":2,"79":2,"82":2,"83":2,"85":1,"89":2,"92":1,"93":1,"94":1,"96":1,"97":1,"100":1,"101":1,"103":1,"106":1,"108":2,"114":1,"116":1,"118":1,"123":1,"124":2,"125":2,"126":3,"127":3,"128":3,"129":3,"130":1,"133":3,"134":3,"139":3,"143":1,"144":3,"145":1,"149":1,"150":1,"158":1,"160":1,"161":1,"162":1,"164":1,"166":1,"258":1,"259":1,"271":1,"274":6,"275":6,"277":1,"279":2,"281":1,"283":2,"288":1,"289":1,"291":1,"296":1,"303":1,"306":1,"307":1,"310":1,"311":1,"313":1,"314":1,"315":1,"316":1,"317":1,"318":1,"319":1,"321":1,"322":1,"324":1}},"/home/travis/build/npmtest/node-npmtest-rc-tabs/node_modules/rc-tabs/lib/index.js":{"path":"/home/travis/build/npmtest/node-npmtest-rc-tabs/node_modules/rc-tabs/lib/index.js","s":{"1":1,"2":1,"3":1,"4":1,"5":1,"6":1,"7":1,"8":2,"9":1,"10":1},"b":{"1":[0,2],"2":[2,2]},"f":{"1":2},"fnMap":{"1":{"name":"_interopRequireDefault","line":16,"loc":{"start":{"line":16,"column":0},"end":{"line":16,"column":37}}}},"statementMap":{"1":{"start":{"line":3,"column":0},"end":{"line":5,"column":3}},"2":{"start":{"line":6,"column":0},"end":{"line":6,"column":49}},"3":{"start":{"line":8,"column":0},"end":{"line":8,"column":30}},"4":{"start":{"line":10,"column":0},"end":{"line":10,"column":43}},"5":{"start":{"line":12,"column":0},"end":{"line":12,"column":37}},"6":{"start":{"line":14,"column":0},"end":{"line":14,"column":50}},"7":{"start":{"line":16,"column":0},"end":{"line":16,"column":97}},"8":{"start":{"line":16,"column":39},"end":{"line":16,"column":95}},"9":{"start":{"line":18,"column":0},"end":{"line":18,"column":39}},"10":{"start":{"line":19,"column":0},"end":{"line":19,"column":39}}},"branchMap":{"1":{"line":16,"type":"cond-expr","locations":[{"start":{"line":16,"column":70},"end":{"line":16,"column":73}},{"start":{"line":16,"column":76},"end":{"line":16,"column":94}}]},"2":{"line":16,"type":"binary-expr","locations":[{"start":{"line":16,"column":46},"end":{"line":16,"column":49}},{"start":{"line":16,"column":53},"end":{"line":16,"column":67}}]}},"code":["'use strict';","","Object.defineProperty(exports, \"__esModule\", {","  value: true","});","exports.TabPane = exports[\"default\"] = undefined;","","var _Tabs = require('./Tabs');","","var _Tabs2 = _interopRequireDefault(_Tabs);","","var _TabPane2 = require('./TabPane');","","var _TabPane3 = _interopRequireDefault(_TabPane2);","","function _interopRequireDefault(obj) { return obj && obj.__esModule ? obj : { \"default\": obj }; }","","exports[\"default\"] = _Tabs2[\"default\"];","exports.TabPane = _TabPane3[\"default\"];"],"l":{"3":1,"6":1,"8":1,"10":1,"12":1,"14":1,"16":2,"18":1,"19":1}},"/home/travis/build/npmtest/node-npmtest-rc-tabs/node_modules/rc-tabs/lib/Tabs.js":{"path":"/home/travis/build/npmtest/node-npmtest-rc-tabs/node_modules/rc-tabs/lib/Tabs.js","s":{"1":1,"2":1,"3":1,"4":1,"5":1,"6":1,"7":1,"8":1,"9":1,"10":1,"11":1,"12":1,"13":5,"14":1,"15":1,"16":0,"17":0,"18":0,"19":0,"20":0,"21":1,"22":1,"23":0,"24":0,"25":0,"26":0,"27":0,"28":0,"29":0,"30":0,"31":0,"32":0,"33":0,"34":0,"35":0,"36":0,"37":0,"38":0,"39":0,"40":0,"41":0,"42":0,"43":0,"44":0,"45":0,"46":0,"47":0,"48":0,"49":0,"50":0,"51":0,"52":0,"53":0,"54":0,"55":0,"56":0,"57":0,"58":0,"59":0,"60":0,"61":0,"62":0,"63":0,"64":0,"65":0,"66":0,"67":0,"68":0,"69":0,"70":0,"71":0,"72":0,"73":1,"74":1,"75":1},"b":{"1":[1,4],"2":[5,5],"3":[0,0],"4":[0,0,0],"5":[0,0],"6":[0,0],"7":[0,0],"8":[0,0],"9":[0,0],"10":[0,0],"11":[0,0],"12":[0,0],"13":[0,0],"14":[0,0],"15":[0,0],"16":[0,0],"17":[0,0],"18":[0,0],"19":[0,0],"20":[0,0],"21":[0,0]},"f":{"1":5,"2":0,"3":0,"4":0,"5":1,"6":0,"7":0,"8":0,"9":0,"10":0,"11":0,"12":0,"13":0,"14":0},"fnMap":{"1":{"name":"_interopRequireDefault","line":27,"loc":{"start":{"line":27,"column":0},"end":{"line":27,"column":37}}},"2":{"name":"noop","line":29,"loc":{"start":{"line":29,"column":0},"end":{"line":29,"column":16}}},"3":{"name":"getDefaultActiveKey","line":31,"loc":{"start":{"line":31,"column":0},"end":{"line":31,"column":36}}},"4":{"name":"(anonymous_4)","line":33,"loc":{"start":{"line":33,"column":54},"end":{"line":33,"column":71}}},"5":{"name":"getDefaultProps","line":56,"loc":{"start":{"line":56,"column":19},"end":{"line":56,"column":46}}},"6":{"name":"getInitialState","line":65,"loc":{"start":{"line":65,"column":19},"end":{"line":65,"column":46}}},"7":{"name":"componentWillReceiveProps","line":79,"loc":{"start":{"line":79,"column":29},"end":{"line":79,"column":75}}},"8":{"name":"onTabClick","line":86,"loc":{"start":{"line":86,"column":14},"end":{"line":86,"column":45}}},"9":{"name":"onNavKeyDown","line":92,"loc":{"start":{"line":92,"column":16},"end":{"line":92,"column":41}}},"10":{"name":"setActiveKey","line":104,"loc":{"start":{"line":104,"column":16},"end":{"line":104,"column":49}}},"11":{"name":"getNextActiveKey","line":114,"loc":{"start":{"line":114,"column":20},"end":{"line":114,"column":52}}},"12":{"name":"(anonymous_12)","line":117,"loc":{"start":{"line":117,"column":61},"end":{"line":117,"column":74}}},"13":{"name":"(anonymous_13)","line":128,"loc":{"start":{"line":128,"column":21},"end":{"line":128,"column":41}}},"14":{"name":"render","line":139,"loc":{"start":{"line":139,"column":10},"end":{"line":139,"column":28}}}},"statementMap":{"1":{"start":{"line":3,"column":0},"end":{"line":5,"column":3}},"2":{"start":{"line":7,"column":0},"end":{"line":7,"column":71}},"3":{"start":{"line":9,"column":0},"end":{"line":9,"column":64}},"4":{"start":{"line":11,"column":0},"end":{"line":11,"column":30}},"5":{"start":{"line":13,"column":0},"end":{"line":13,"column":45}},"6":{"start":{"line":15,"column":0},"end":{"line":15,"column":36}},"7":{"start":{"line":17,"column":0},"end":{"line":17,"column":49}},"8":{"start":{"line":19,"column":0},"end":{"line":19,"column":36}},"9":{"start":{"line":21,"column":0},"end":{"line":21,"column":49}},"10":{"start":{"line":23,"column":0},"end":{"line":23,"column":41}},"11":{"start":{"line":25,"column":0},"end":{"line":25,"column":56}},"12":{"start":{"line":27,"column":0},"end":{"line":27,"column":97}},"13":{"start":{"line":27,"column":39},"end":{"line":27,"column":95}},"14":{"start":{"line":29,"column":0},"end":{"line":29,"column":18}},"15":{"start":{"line":31,"column":0},"end":{"line":39,"column":1}},"16":{"start":{"line":32,"column":2},"end":{"line":32,"column":25}},"17":{"start":{"line":33,"column":2},"end":{"line":37,"column":5}},"18":{"start":{"line":34,"column":4},"end":{"line":36,"column":5}},"19":{"start":{"line":35,"column":6},"end":{"line":35,"column":28}},"20":{"start":{"line":38,"column":2},"end":{"line":38,"column":19}},"21":{"start":{"line":41,"column":0},"end":{"line":181,"column":3}},"22":{"start":{"line":57,"column":4},"end":{"line":63,"column":6}},"23":{"start":{"line":66,"column":4},"end":{"line":66,"column":27}},"24":{"start":{"line":67,"column":4},"end":{"line":67,"column":27}},"25":{"start":{"line":68,"column":4},"end":{"line":74,"column":5}},"26":{"start":{"line":69,"column":6},"end":{"line":69,"column":34}},"27":{"start":{"line":70,"column":11},"end":{"line":74,"column":5}},"28":{"start":{"line":71,"column":6},"end":{"line":71,"column":41}},"29":{"start":{"line":73,"column":6},"end":{"line":73,"column":45}},"30":{"start":{"line":75,"column":4},"end":{"line":77,"column":6}},"31":{"start":{"line":80,"column":4},"end":{"line":84,"column":5}},"32":{"start":{"line":81,"column":6},"end":{"line":83,"column":9}},"33":{"start":{"line":87,"column":4},"end":{"line":89,"column":5}},"34":{"start":{"line":88,"column":6},"end":{"line":88,"column":46}},"35":{"start":{"line":90,"column":4},"end":{"line":90,"column":33}},"36":{"start":{"line":93,"column":4},"end":{"line":93,"column":33}},"37":{"start":{"line":94,"column":4},"end":{"line":102,"column":5}},"38":{"start":{"line":95,"column":6},"end":{"line":95,"column":25}},"39":{"start":{"line":96,"column":6},"end":{"line":96,"column":48}},"40":{"start":{"line":97,"column":6},"end":{"line":97,"column":31}},"41":{"start":{"line":98,"column":11},"end":{"line":102,"column":5}},"42":{"start":{"line":99,"column":6},"end":{"line":99,"column":25}},"43":{"start":{"line":100,"column":6},"end":{"line":100,"column":53}},"44":{"start":{"line":101,"column":6},"end":{"line":101,"column":35}},"45":{"start":{"line":105,"column":4},"end":{"line":112,"column":5}},"46":{"start":{"line":106,"column":6},"end":{"line":110,"column":7}},"47":{"start":{"line":107,"column":8},"end":{"line":109,"column":11}},"48":{"start":{"line":111,"column":6},"end":{"line":111,"column":37}},"49":{"start":{"line":115,"column":4},"end":{"line":115,"column":41}},"50":{"start":{"line":116,"column":4},"end":{"line":116,"column":22}},"51":{"start":{"line":117,"column":4},"end":{"line":125,"column":7}},"52":{"start":{"line":118,"column":6},"end":{"line":124,"column":7}},"53":{"start":{"line":119,"column":8},"end":{"line":123,"column":9}},"54":{"start":{"line":120,"column":10},"end":{"line":120,"column":27}},"55":{"start":{"line":122,"column":10},"end":{"line":122,"column":30}},"56":{"start":{"line":126,"column":4},"end":{"line":126,"column":33}},"57":{"start":{"line":127,"column":4},"end":{"line":127,"column":40}},"58":{"start":{"line":128,"column":4},"end":{"line":136,"column":7}},"59":{"start":{"line":129,"column":6},"end":{"line":135,"column":7}},"60":{"start":{"line":130,"column":8},"end":{"line":134,"column":9}},"61":{"start":{"line":131,"column":10},"end":{"line":131,"column":32}},"62":{"start":{"line":133,"column":10},"end":{"line":133,"column":36}},"63":{"start":{"line":137,"column":4},"end":{"line":137,"column":15}},"64":{"start":{"line":140,"column":4},"end":{"line":140,"column":20}},"65":{"start":{"line":142,"column":4},"end":{"line":142,"column":27}},"66":{"start":{"line":143,"column":4},"end":{"line":147,"column":42}},"67":{"start":{"line":149,"column":4},"end":{"line":149,"column":292}},"68":{"start":{"line":151,"column":4},"end":{"line":151,"column":33}},"69":{"start":{"line":152,"column":4},"end":{"line":168,"column":8}},"70":{"start":{"line":169,"column":4},"end":{"line":171,"column":5}},"71":{"start":{"line":170,"column":6},"end":{"line":170,"column":25}},"72":{"start":{"line":172,"column":4},"end":{"line":179,"column":6}},"73":{"start":{"line":183,"column":0},"end":{"line":183,"column":36}},"74":{"start":{"line":185,"column":0},"end":{"line":185,"column":26}},"75":{"start":{"line":186,"column":0},"end":{"line":186,"column":36}}},"branchMap":{"1":{"line":27,"type":"cond-expr","locations":[{"start":{"line":27,"column":70},"end":{"line":27,"column":73}},{"start":{"line":27,"column":76},"end":{"line":27,"column":94}}]},"2":{"line":27,"type":"binary-expr","locations":[{"start":{"line":27,"column":46},"end":{"line":27,"column":49}},{"start":{"line":27,"column":53},"end":{"line":27,"column":67}}]},"3":{"line":34,"type":"if","locations":[{"start":{"line":34,"column":4},"end":{"line":34,"column":4}},{"start":{"line":34,"column":4},"end":{"line":34,"column":4}}]},"4":{"line":34,"type":"binary-expr","locations":[{"start":{"line":34,"column":8},"end":{"line":34,"column":13}},{"start":{"line":34,"column":17},"end":{"line":34,"column":27}},{"start":{"line":34,"column":31},"end":{"line":34,"column":52}}]},"5":{"line":68,"type":"if","locations":[{"start":{"line":68,"column":4},"end":{"line":68,"column":4}},{"start":{"line":68,"column":4},"end":{"line":68,"column":4}}]},"6":{"line":70,"type":"if","locations":[{"start":{"line":70,"column":11},"end":{"line":70,"column":11}},{"start":{"line":70,"column":11},"end":{"line":70,"column":11}}]},"7":{"line":80,"type":"if","locations":[{"start":{"line":80,"column":4},"end":{"line":80,"column":4}},{"start":{"line":80,"column":4},"end":{"line":80,"column":4}}]},"8":{"line":87,"type":"if","locations":[{"start":{"line":87,"column":4},"end":{"line":87,"column":4}},{"start":{"line":87,"column":4},"end":{"line":87,"column":4}}]},"9":{"line":94,"type":"if","locations":[{"start":{"line":94,"column":4},"end":{"line":94,"column":4}},{"start":{"line":94,"column":4},"end":{"line":94,"column":4}}]},"10":{"line":94,"type":"binary-expr","locations":[{"start":{"line":94,"column":8},"end":{"line":94,"column":51}},{"start":{"line":94,"column":55},"end":{"line":94,"column":97}}]},"11":{"line":98,"type":"if","locations":[{"start":{"line":98,"column":11},"end":{"line":98,"column":11}},{"start":{"line":98,"column":11},"end":{"line":98,"column":11}}]},"12":{"line":98,"type":"binary-expr","locations":[{"start":{"line":98,"column":15},"end":{"line":98,"column":57}},{"start":{"line":98,"column":61},"end":{"line":98,"column":101}}]},"13":{"line":105,"type":"if","locations":[{"start":{"line":105,"column":4},"end":{"line":105,"column":4}},{"start":{"line":105,"column":4},"end":{"line":105,"column":4}}]},"14":{"line":106,"type":"if","locations":[{"start":{"line":106,"column":6},"end":{"line":106,"column":6}},{"start":{"line":106,"column":6},"end":{"line":106,"column":6}}]},"15":{"line":118,"type":"if","locations":[{"start":{"line":118,"column":6},"end":{"line":118,"column":6}},{"start":{"line":118,"column":6},"end":{"line":118,"column":6}}]},"16":{"line":118,"type":"binary-expr","locations":[{"start":{"line":118,"column":10},"end":{"line":118,"column":11}},{"start":{"line":118,"column":15},"end":{"line":118,"column":32}}]},"17":{"line":119,"type":"if","locations":[{"start":{"line":119,"column":8},"end":{"line":119,"column":8}},{"start":{"line":119,"column":8},"end":{"line":119,"column":8}}]},"18":{"line":127,"type":"binary-expr","locations":[{"start":{"line":127,"column":14},"end":{"line":127,"column":20}},{"start":{"line":127,"column":24},"end":{"line":127,"column":39}}]},"19":{"line":129,"type":"if","locations":[{"start":{"line":129,"column":6},"end":{"line":129,"column":6}},{"start":{"line":129,"column":6},"end":{"line":129,"column":6}}]},"20":{"line":130,"type":"if","locations":[{"start":{"line":130,"column":8},"end":{"line":130,"column":8}},{"start":{"line":130,"column":8},"end":{"line":130,"column":8}}]},"21":{"line":169,"type":"if","locations":[{"start":{"line":169,"column":4},"end":{"line":169,"column":4}},{"start":{"line":169,"column":4},"end":{"line":169,"column":4}}]}},"code":["'use strict';","","Object.defineProperty(exports, \"__esModule\", {","  value: true","});","","var _defineProperty2 = require('babel-runtime/helpers/defineProperty');","","var _defineProperty3 = _interopRequireDefault(_defineProperty2);","","var _react = require('react');","","var _react2 = _interopRequireDefault(_react);","","var _KeyCode = require('./KeyCode');","","var _KeyCode2 = _interopRequireDefault(_KeyCode);","","var _TabPane = require('./TabPane');","","var _TabPane2 = _interopRequireDefault(_TabPane);","","var _classnames2 = require('classnames');","","var _classnames3 = _interopRequireDefault(_classnames2);","","function _interopRequireDefault(obj) { return obj && obj.__esModule ? obj : { \"default\": obj }; }","","function noop() {}","","function getDefaultActiveKey(props) {","  var activeKey = void 0;","  _react2[\"default\"].Children.forEach(props.children, function (child) {","    if (child && !activeKey && !child.props.disabled) {","      activeKey = child.key;","    }","  });","  return activeKey;","}","","var Tabs = _react2[\"default\"].createClass({","  displayName: 'Tabs',","","  propTypes: {","    destroyInactiveTabPane: _react.PropTypes.bool,","    renderTabBar: _react.PropTypes.func.isRequired,","    renderTabContent: _react.PropTypes.func.isRequired,","    onChange: _react.PropTypes.func,","    children: _react.PropTypes.any,","    prefixCls: _react.PropTypes.string,","    className: _react.PropTypes.string,","    tabBarPosition: _react.PropTypes.string,","    style: _react.PropTypes.object","  },","","  getDefaultProps: function getDefaultProps() {","    return {","      prefixCls: 'rc-tabs',","      destroyInactiveTabPane: false,","      onChange: noop,","      tabBarPosition: 'top',","      style: {}","    };","  },","  getInitialState: function getInitialState() {","    var props = this.props;","    var activeKey = void 0;","    if ('activeKey' in props) {","      activeKey = props.activeKey;","    } else if ('defaultActiveKey' in props) {","      activeKey = props.defaultActiveKey;","    } else {","      activeKey = getDefaultActiveKey(props);","    }","    return {","      activeKey: activeKey","    };","  },","  componentWillReceiveProps: function componentWillReceiveProps(nextProps) {","    if ('activeKey' in nextProps) {","      this.setState({","        activeKey: nextProps.activeKey","      });","    }","  },","  onTabClick: function onTabClick(activeKey) {","    if (this.tabBar.props.onTabClick) {","      this.tabBar.props.onTabClick(activeKey);","    }","    this.setActiveKey(activeKey);","  },","  onNavKeyDown: function onNavKeyDown(e) {","    var eventKeyCode = e.keyCode;","    if (eventKeyCode === _KeyCode2[\"default\"].RIGHT || eventKeyCode === _KeyCode2[\"default\"].DOWN) {","      e.preventDefault();","      var nextKey = this.getNextActiveKey(true);","      this.onTabClick(nextKey);","    } else if (eventKeyCode === _KeyCode2[\"default\"].LEFT || eventKeyCode === _KeyCode2[\"default\"].UP) {","      e.preventDefault();","      var previousKey = this.getNextActiveKey(false);","      this.onTabClick(previousKey);","    }","  },","  setActiveKey: function setActiveKey(activeKey) {","    if (this.state.activeKey !== activeKey) {","      if (!('activeKey' in this.props)) {","        this.setState({","          activeKey: activeKey","        });","      }","      this.props.onChange(activeKey);","    }","  },","  getNextActiveKey: function getNextActiveKey(next) {","    var activeKey = this.state.activeKey;","    var children = [];","    _react2[\"default\"].Children.forEach(this.props.children, function (c) {","      if (c && !c.props.disabled) {","        if (next) {","          children.push(c);","        } else {","          children.unshift(c);","        }","      }","    });","    var length = children.length;","    var ret = length && children[0].key;","    children.forEach(function (child, i) {","      if (child.key === activeKey) {","        if (i === length - 1) {","          ret = children[0].key;","        } else {","          ret = children[i + 1].key;","        }","      }","    });","    return ret;","  },","  render: function render() {","    var _classnames;","","    var props = this.props;","    var prefixCls = props.prefixCls,","        tabBarPosition = props.tabBarPosition,","        className = props.className,","        renderTabContent = props.renderTabContent,","        renderTabBar = props.renderTabBar;","","    var cls = (0, _classnames3[\"default\"])((_classnames = {}, (0, _defineProperty3[\"default\"])(_classnames, prefixCls, 1), (0, _defineProperty3[\"default\"])(_classnames, prefixCls + '-' + tabBarPosition, 1), (0, _defineProperty3[\"default\"])(_classnames, className, !!className), _classnames));","","    this.tabBar = renderTabBar();","    var contents = [_react2[\"default\"].cloneElement(this.tabBar, {","      prefixCls: prefixCls,","      key: 'tabBar',","      onKeyDown: this.onNavKeyDown,","      tabBarPosition: tabBarPosition,","      onTabClick: this.onTabClick,","      panels: props.children,","      activeKey: this.state.activeKey","    }), _react2[\"default\"].cloneElement(renderTabContent(), {","      prefixCls: prefixCls,","      tabBarPosition: tabBarPosition,","      activeKey: this.state.activeKey,","      destroyInactiveTabPane: props.destroyInactiveTabPane,","      children: props.children,","      onChange: this.setActiveKey,","      key: 'tabContent'","    })];","    if (tabBarPosition === 'bottom') {","      contents.reverse();","    }","    return _react2[\"default\"].createElement(","      'div',","      {","        className: cls,","        style: props.style","      },","      contents","    );","  }","});","","Tabs.TabPane = _TabPane2[\"default\"];","","exports[\"default\"] = Tabs;","module.exports = exports['default'];"],"l":{"3":1,"7":1,"9":1,"11":1,"13":1,"15":1,"17":1,"19":1,"21":1,"23":1,"25":1,"27":5,"29":1,"31":1,"32":0,"33":0,"34":0,"35":0,"38":0,"41":1,"57":1,"66":0,"67":0,"68":0,"69":0,"70":0,"71":0,"73":0,"75":0,"80":0,"81":0,"87":0,"88":0,"90":0,"93":0,"94":0,"95":0,"96":0,"97":0,"98":0,"99":0,"100":0,"101":0,"105":0,"106":0,"107":0,"111":0,"115":0,"116":0,"117":0,"118":0,"119":0,"120":0,"122":0,"126":0,"127":0,"128":0,"129":0,"130":0,"131":0,"133":0,"137":0,"140":0,"142":0,"143":0,"149":0,"151":0,"152":0,"169":0,"170":0,"172":0,"183":1,"185":1,"186":1}},"/home/travis/build/npmtest/node-npmtest-rc-tabs/node_modules/rc-tabs/lib/KeyCode.js":{"path":"/home/travis/build/npmtest/node-npmtest-rc-tabs/node_modules/rc-tabs/lib/KeyCode.js","s":{"1":1,"2":1,"3":1},"b":{},"f":{},"fnMap":{},"statementMap":{"1":{"start":{"line":3,"column":0},"end":{"line":5,"column":3}},"2":{"start":{"line":6,"column":0},"end":{"line":22,"column":13}},"3":{"start":{"line":23,"column":0},"end":{"line":23,"column":36}}},"branchMap":{},"code":["\"use strict\";","","Object.defineProperty(exports, \"__esModule\", {","  value: true","});","exports[\"default\"] = {","  /**","   * LEFT","   */","  LEFT: 37, // also NUM_WEST","  /**","   * UP","   */","  UP: 38, // also NUM_NORTH","  /**","   * RIGHT","   */","  RIGHT: 39, // also NUM_EAST","  /**","   * DOWN","   */","  DOWN: 40 };","module.exports = exports['default'];"],"l":{"3":1,"6":1,"23":1}},"/home/travis/build/npmtest/node-npmtest-rc-tabs/node_modules/rc-tabs/lib/TabPane.js":{"path":"/home/travis/build/npmtest/node-npmtest-rc-tabs/node_modules/rc-tabs/lib/TabPane.js","s":{"1":1,"2":1,"3":1,"4":1,"5":1,"6":1,"7":1,"8":1,"9":3,"10":1,"11":1,"12":0,"13":0,"14":0,"15":0,"16":0,"17":0,"18":0,"19":0,"20":1,"21":1},"b":{"1":[1,2],"2":[3,3],"3":[0,0],"4":[0,0],"5":[0,0],"6":[0,0],"7":[0,0]},"f":{"1":3,"2":1,"3":0},"fnMap":{"1":{"name":"_interopRequireDefault","line":19,"loc":{"start":{"line":19,"column":0},"end":{"line":19,"column":37}}},"2":{"name":"getDefaultProps","line":32,"loc":{"start":{"line":32,"column":19},"end":{"line":32,"column":46}}},"3":{"name":"render","line":35,"loc":{"start":{"line":35,"column":10},"end":{"line":35,"column":28}}}},"statementMap":{"1":{"start":{"line":3,"column":0},"end":{"line":5,"column":3}},"2":{"start":{"line":7,"column":0},"end":{"line":7,"column":71}},"3":{"start":{"line":9,"column":0},"end":{"line":9,"column":64}},"4":{"start":{"line":11,"column":0},"end":{"line":11,"column":30}},"5":{"start":{"line":13,"column":0},"end":{"line":13,"column":45}},"6":{"start":{"line":15,"column":0},"end":{"line":15,"column":41}},"7":{"start":{"line":17,"column":0},"end":{"line":17,"column":56}},"8":{"start":{"line":19,"column":0},"end":{"line":19,"column":97}},"9":{"start":{"line":19,"column":39},"end":{"line":19,"column":95}},"10":{"start":{"line":21,"column":0},"end":{"line":59,"column":3}},"11":{"start":{"line":33,"column":4},"end":{"line":33,"column":33}},"12":{"start":{"line":36,"column":4},"end":{"line":36,"column":20}},"13":{"start":{"line":38,"column":4},"end":{"line":38,"column":27}},"14":{"start":{"line":39,"column":4},"end":{"line":42,"column":40}},"15":{"start":{"line":44,"column":4},"end":{"line":44,"column":48}},"16":{"start":{"line":45,"column":4},"end":{"line":45,"column":53}},"17":{"start":{"line":46,"column":4},"end":{"line":46,"column":365}},"18":{"start":{"line":47,"column":4},"end":{"line":47,"column":69}},"19":{"start":{"line":48,"column":4},"end":{"line":57,"column":6}},"20":{"start":{"line":61,"column":0},"end":{"line":61,"column":29}},"21":{"start":{"line":62,"column":0},"end":{"line":62,"column":36}}},"branchMap":{"1":{"line":19,"type":"cond-expr","locations":[{"start":{"line":19,"column":70},"end":{"line":19,"column":73}},{"start":{"line":19,"column":76},"end":{"line":19,"column":94}}]},"2":{"line":19,"type":"binary-expr","locations":[{"start":{"line":19,"column":46},"end":{"line":19,"column":49}},{"start":{"line":19,"column":53},"end":{"line":19,"column":67}}]},"3":{"line":44,"type":"binary-expr","locations":[{"start":{"line":44,"column":22},"end":{"line":44,"column":37}},{"start":{"line":44,"column":41},"end":{"line":44,"column":47}}]},"4":{"line":47,"type":"cond-expr","locations":[{"start":{"line":47,"column":44},"end":{"line":47,"column":50}},{"start":{"line":47,"column":53},"end":{"line":47,"column":68}}]},"5":{"line":53,"type":"cond-expr","locations":[{"start":{"line":53,"column":38},"end":{"line":53,"column":45}},{"start":{"line":53,"column":48},"end":{"line":53,"column":54}}]},"6":{"line":56,"type":"cond-expr","locations":[{"start":{"line":56,"column":32},"end":{"line":56,"column":46}},{"start":{"line":56,"column":49},"end":{"line":56,"column":66}}]},"7":{"line":56,"type":"binary-expr","locations":[{"start":{"line":56,"column":6},"end":{"line":56,"column":14}},{"start":{"line":56,"column":18},"end":{"line":56,"column":29}}]}},"code":["'use strict';","","Object.defineProperty(exports, \"__esModule\", {","  value: true","});","","var _defineProperty2 = require('babel-runtime/helpers/defineProperty');","","var _defineProperty3 = _interopRequireDefault(_defineProperty2);","","var _react = require('react');","","var _react2 = _interopRequireDefault(_react);","","var _classnames2 = require('classnames');","","var _classnames3 = _interopRequireDefault(_classnames2);","","function _interopRequireDefault(obj) { return obj && obj.__esModule ? obj : { \"default\": obj }; }","","var TabPane = _react2[\"default\"].createClass({","  displayName: 'TabPane',","","  propTypes: {","    className: _react.PropTypes.string,","    active: _react.PropTypes.bool,","    style: _react.PropTypes.any,","    destroyInactiveTabPane: _react.PropTypes.bool,","    forceRender: _react.PropTypes.bool,","    placeholder: _react.PropTypes.node","  },","  getDefaultProps: function getDefaultProps() {","    return { placeholder: null };","  },","  render: function render() {","    var _classnames;","","    var props = this.props;","    var className = props.className,","        destroyInactiveTabPane = props.destroyInactiveTabPane,","        active = props.active,","        forceRender = props.forceRender;","","    this._isActived = this._isActived || active;","    var prefixCls = props.rootPrefixCls + '-tabpane';","    var cls = (0, _classnames3[\"default\"])((_classnames = {}, (0, _defineProperty3[\"default\"])(_classnames, prefixCls, 1), (0, _defineProperty3[\"default\"])(_classnames, prefixCls + '-inactive', !active), (0, _defineProperty3[\"default\"])(_classnames, prefixCls + '-active', active), (0, _defineProperty3[\"default\"])(_classnames, className, className), _classnames));","    var isRender = destroyInactiveTabPane ? active : this._isActived;","    return _react2[\"default\"].createElement(","      'div',","      {","        style: props.style,","        role: 'tabpanel',","        'aria-hidden': props.active ? 'false' : 'true',","        className: cls","      },","      isRender || forceRender ? props.children : props.placeholder","    );","  }","});","","exports[\"default\"] = TabPane;","module.exports = exports['default'];"],"l":{"3":1,"7":1,"9":1,"11":1,"13":1,"15":1,"17":1,"19":3,"21":1,"33":1,"36":0,"38":0,"39":0,"44":0,"45":0,"46":0,"47":0,"48":0,"61":1,"62":1}},"/home/travis/build/npmtest/node-npmtest-rc-tabs/node_modules/rc-tabs/lib/InkTabBar.js":{"path":"/home/travis/build/npmtest/node-npmtest-rc-tabs/node_modules/rc-tabs/lib/InkTabBar.js","s":{"1":1,"2":1,"3":1,"4":1,"5":1,"6":1,"7":1,"8":1,"9":3,"10":1,"11":0,"12":0,"13":0,"14":1,"15":1},"b":{"1":[1,2],"2":[3,3]},"f":{"1":3,"2":0},"fnMap":{"1":{"name":"_interopRequireDefault","line":19,"loc":{"start":{"line":19,"column":0},"end":{"line":19,"column":37}}},"2":{"name":"render","line":25,"loc":{"start":{"line":25,"column":10},"end":{"line":25,"column":28}}}},"statementMap":{"1":{"start":{"line":3,"column":0},"end":{"line":5,"column":3}},"2":{"start":{"line":7,"column":0},"end":{"line":7,"column":30}},"3":{"start":{"line":9,"column":0},"end":{"line":9,"column":45}},"4":{"start":{"line":11,"column":0},"end":{"line":11,"column":50}},"5":{"start":{"line":13,"column":0},"end":{"line":13,"column":63}},"6":{"start":{"line":15,"column":0},"end":{"line":15,"column":44}},"7":{"start":{"line":17,"column":0},"end":{"line":17,"column":57}},"8":{"start":{"line":19,"column":0},"end":{"line":19,"column":97}},"9":{"start":{"line":19,"column":39},"end":{"line":19,"column":95}},"10":{"start":{"line":21,"column":0},"end":{"line":30,"column":3}},"11":{"start":{"line":26,"column":4},"end":{"line":26,"column":42}},"12":{"start":{"line":27,"column":4},"end":{"line":27,"column":30}},"13":{"start":{"line":28,"column":4},"end":{"line":28,"column":48}},"14":{"start":{"line":32,"column":0},"end":{"line":32,"column":31}},"15":{"start":{"line":33,"column":0},"end":{"line":33,"column":36}}},"branchMap":{"1":{"line":19,"type":"cond-expr","locations":[{"start":{"line":19,"column":70},"end":{"line":19,"column":73}},{"start":{"line":19,"column":76},"end":{"line":19,"column":94}}]},"2":{"line":19,"type":"binary-expr","locations":[{"start":{"line":19,"column":46},"end":{"line":19,"column":49}},{"start":{"line":19,"column":53},"end":{"line":19,"column":67}}]}},"code":["'use strict';","","Object.defineProperty(exports, \"__esModule\", {","  value: true","});","","var _react = require('react');","","var _react2 = _interopRequireDefault(_react);","","var _InkTabBarMixin = require('./InkTabBarMixin');","","var _InkTabBarMixin2 = _interopRequireDefault(_InkTabBarMixin);","","var _TabBarMixin = require('./TabBarMixin');","","var _TabBarMixin2 = _interopRequireDefault(_TabBarMixin);","","function _interopRequireDefault(obj) { return obj && obj.__esModule ? obj : { \"default\": obj }; }","","var InkTabBar = _react2[\"default\"].createClass({","  displayName: 'InkTabBar',","","  mixins: [_TabBarMixin2[\"default\"], _InkTabBarMixin2[\"default\"]],","  render: function render() {","    var inkBarNode = this.getInkBarNode();","    var tabs = this.getTabs();","    return this.getRootNode([inkBarNode, tabs]);","  }","});","","exports[\"default\"] = InkTabBar;","module.exports = exports['default'];"],"l":{"3":1,"7":1,"9":1,"11":1,"13":1,"15":1,"17":1,"19":3,"21":1,"26":0,"27":0,"28":0,"32":1,"33":1}},"/home/travis/build/npmtest/node-npmtest-rc-tabs/node_modules/rc-tabs/lib/InkTabBarMixin.js":{"path":"/home/travis/build/npmtest/node-npmtest-rc-tabs/node_modules/rc-tabs/lib/InkTabBarMixin.js","s":{"1":1,"2":1,"3":1,"4":1,"5":1,"6":1,"7":1,"8":1,"9":1,"10":1,"11":3,"12":1,"13":0,"14":0,"15":0,"16":0,"17":0,"18":0,"19":0,"20":0,"21":1,"22":0,"23":0,"24":0,"25":0,"26":0,"27":0,"28":0,"29":0,"30":0,"31":0,
[...]
":138,"column":4}},{"start":{"line":138,"column":4},"end":{"line":138,"column":4}}]},"18":{"line":139,"type":"if","locations":[{"start":{"line":139,"column":6},"end":{"line":139,"column":6}},{"start":{"line":139,"column":6},"end":{"line":139,"column":6}}]},"19":{"line":141,"type":"if","locations":[{"start":{"line":141,"column":13},"end":{"line":141,"column":13}},{"start":{"line":141,"column":13},"end":{"line":141,"column":13}}]},"20":{"line":143,"type":"if","locations":[{"start":{"line":143,"column":13},"end":{"line":143,"column":13}},{"start":{"line":143,"column":13},"end":{"line":143,"column":13}}]},"21":{"line":144,"type":"cond-expr","locations":[{"start":{"line":144,"column":61},"end":{"line":144,"column":69}},{"start":{"line":144,"column":72},"end":{"line":144,"column":80}}]},"22":{"line":145,"type":"cond-expr","locations":[{"start":{"line":145,"column":33},"end":{"line":145,"column":56}},{"start":{"line":145,"column":59},"end":{"line":145,"column":83}}]},"23":{"line":148,"type":"if","locations":[{"start":{"line":148,"column":8},"end":{"line":148,"column":8}},{"start":{"line":148,"column":8},"end":{"line":148,"column":8}}]},"24":{"line":155,"type":"if","locations":[{"start":{"line":155,"column":4},"end":{"line":155,"column":4}},{"start":{"line":155,"column":4},"end":{"line":155,"column":4}}]},"25":{"line":158,"type":"if","locations":[{"start":{"line":158,"column":4},"end":{"line":158,"column":4}},{"start":{"line":158,"column":4},"end":{"line":158,"column":4}}]},"26":{"line":159,"type":"if","locations":[{"start":{"line":159,"column":6},"end":{"line":159,"column":6}},{"start":{"line":159,"column":6},"end":{"line":159,"column":6}}]},"27":{"line":173,"type":"if","locations":[{"start":{"line":173,"column":4},"end":{"line":173,"column":4}},{"start":{"line":173,"column":4},"end":{"line":173,"column":4}}]},"28":{"line":182,"type":"if","locations":[{"start":{"line":182,"column":4},"end":{"line":182,"column":4}},{"start":{"line":182,"column":4},"end":{"line":182,"column":4}}]}},"code":["'use strict';","","Object.defineProperty(exports, \"__esModule\", {","  value: true","});","","var _extends2 = require('babel-runtime/helpers/extends');","","var _extends3 = _interopRequireDefault(_extends2);","","var _TabContent = require('./TabContent');","","var _TabContent2 = _interopRequireDefault(_TabContent);","","var _react = require('react');","","var _react2 = _interopRequireDefault(_react);","","var _reactHammerjs = require('react-hammerjs');","","var _reactHammerjs2 = _interopRequireDefault(_reactHammerjs);","","var _reactDom = require('react-dom');","","var _reactDom2 = _interopRequireDefault(_reactDom);","","var _utils = require('./utils');","","function _interopRequireDefault(obj) { return obj && obj.__esModule ? obj : { \"default\": obj }; }","","var RESISTANCE_COEF = 0.6;","","function computeIndex(_ref) {","  var maxIndex = _ref.maxIndex,","      startIndex = _ref.startIndex,","      delta = _ref.delta,","      viewSize = _ref.viewSize;","","  var index = startIndex + -delta / viewSize;","  if (index < 0) {","    index = Math.exp(index * RESISTANCE_COEF) - 1;","  } else if (index > maxIndex) {","    index = maxIndex + 1 - Math.exp((maxIndex - index) * RESISTANCE_COEF);","  }","  return index;","}","","function getIndexByDelta(e) {","  var delta = (0, _utils.isVertical)(this.props.tabBarPosition) ? e.deltaY : e.deltaX;","  var currentIndex = computeIndex({","    maxIndex: this.maxIndex,","    viewSize: this.viewSize,","    startIndex: this.startIndex,","    delta: delta","  });","  var showIndex = delta < 0 ? Math.floor(currentIndex + 1) : Math.floor(currentIndex);","  if (showIndex < 0) {","    showIndex = 0;","  } else if (showIndex > this.maxIndex) {","    showIndex = this.maxIndex;","  }","  if (this.children[showIndex].props.disabled) {","    return undefined;","  }","  return currentIndex;","}","","var SwipeableTabContent = _react2[\"default\"].createClass({","  displayName: 'SwipeableTabContent',","","  propTypes: {","    tabBarPosition: _react.PropTypes.string,","    onChange: _react.PropTypes.func,","    children: _react.PropTypes.any,","    hammerOptions: _react.PropTypes.any,","    animated: _react.PropTypes.bool,","    activeKey: _react.PropTypes.string","  },","","  getDefaultProps: function getDefaultProps() {","    return {","      animated: true","    };","  },","  componentDidMount: function componentDidMount() {","    this.rootNode = _reactDom2[\"default\"].findDOMNode(this);","  },","  onPanStart: function onPanStart() {","    var _props = this.props,","        tabBarPosition = _props.tabBarPosition,","        children = _props.children,","        activeKey = _props.activeKey,","        animated = _props.animated;","","    var startIndex = this.startIndex = (0, _utils.getActiveIndex)(children, activeKey);","    if (startIndex === -1) {","      return;","    }","    if (animated) {","      (0, _utils.setTransition)(this.rootNode.style, 'none');","    }","    this.startDrag = true;","    this.children = (0, _utils.toArray)(children);","    this.maxIndex = this.children.length - 1;","    this.viewSize = (0, _utils.isVertical)(tabBarPosition) ? this.rootNode.offsetHeight : this.rootNode.offsetWidth;","  },","  onPan: function onPan(e) {","    if (!this.startDrag) {","      return;","    }","    var tabBarPosition = this.props.tabBarPosition;","","    var currentIndex = getIndexByDelta.call(this, e);","    if (currentIndex !== undefined) {","      (0, _utils.setTransform)(this.rootNode.style, (0, _utils.getTransformByIndex)(currentIndex, tabBarPosition));","    }","  },","  onPanEnd: function onPanEnd(e) {","    if (!this.startDrag) {","      return;","    }","    this.end(e);","  },","  onSwipe: function onSwipe(e) {","    this.end(e, true);","  },","  end: function end(e, swipe) {","    var _props2 = this.props,","        tabBarPosition = _props2.tabBarPosition,","        animated = _props2.animated;","","    this.startDrag = false;","    if (animated) {","      (0, _utils.setTransition)(this.rootNode.style, '');","    }","    var currentIndex = getIndexByDelta.call(this, e);","    var finalIndex = this.startIndex;","    if (currentIndex !== undefined) {","      if (currentIndex < 0) {","        finalIndex = 0;","      } else if (currentIndex > this.maxIndex) {","        finalIndex = this.maxIndex;","      } else if (swipe) {","        var delta = (0, _utils.isVertical)(tabBarPosition) ? e.deltaY : e.deltaX;","        finalIndex = delta < 0 ? Math.ceil(currentIndex) : Math.floor(currentIndex);","      } else {","        var floorIndex = Math.floor(currentIndex);","        if (currentIndex - floorIndex > 0.6) {","          finalIndex = floorIndex + 1;","        } else {","          finalIndex = floorIndex;","        }","      }","    }","    if (this.children[finalIndex].props.disabled) {","      return;","    }","    if (this.startIndex === finalIndex) {","      if (animated) {","        (0, _utils.setTransform)(this.rootNode.style, (0, _utils.getTransformByIndex)(finalIndex, this.props.tabBarPosition));","      }","    } else {","      this.props.onChange((0, _utils.getActiveKey)(this.props.children, finalIndex));","    }","  },","  render: function render() {","    var _props3 = this.props,","        tabBarPosition = _props3.tabBarPosition,","        hammerOptions = _props3.hammerOptions,","        animated = _props3.animated;","","    var direction = {};","    if ((0, _utils.isVertical)(tabBarPosition)) {","      direction = {","        vertical: true","      };","    }","    var events = {","      onSwipe: this.onSwipe,","      onPanStart: this.onPanStart","    };","    if (animated !== false) {","      events = (0, _extends3[\"default\"])({}, events, {","        onPan: this.onPan,","        onPanEnd: this.onPanEnd","      });","    }","    return _react2[\"default\"].createElement(","      _reactHammerjs2[\"default\"],","      (0, _extends3[\"default\"])({}, events, direction, {","        options: hammerOptions","      }),","      _react2[\"default\"].createElement(_TabContent2[\"default\"], this.props)","    );","  }","});","","exports[\"default\"] = SwipeableTabContent;","module.exports = exports['default'];"],"l":{"3":2,"7":2,"9":2,"11":2,"13":2,"15":2,"17":2,"19":2,"21":0,"23":0,"25":0,"27":0,"29":6,"31":0,"33":1,"34":0,"39":0,"40":0,"41":0,"42":0,"43":0,"45":0,"48":1,"49":0,"50":0,"56":0,"57":0,"58":0,"59":0,"60":0,"62":0,"63":0,"65":0,"68":0,"81":0,"86":0,"89":0,"95":0,"96":0,"97":0,"99":0,"100":0,"102":0,"103":0,"104":0,"105":0,"108":0,"109":0,"111":0,"113":0,"114":0,"115":0,"119":0,"120":0,"122":0,"125":0,"128":0,"132":0,"133":0,"134":0,"136":0,"137":0,"138":0,"139":0,"140":0,"141":0,"142":0,"143":0,"144":0,"145":0,"147":0,"148":0,"149":0,"151":0,"155":0,"156":0,"158":0,"159":0,"160":0,"163":0,"167":0,"172":0,"173":0,"174":0,"178":0,"182":0,"183":0,"188":0,"198":0,"199":0}},"/home/travis/build/npmtest/node-npmtest-rc-tabs/node_modules/rc-tabs/lib/TabContent.js":{"path":"/home/travis/build/npmtest/node-npmtest-rc-tabs/node_modules/rc-tabs/lib/TabContent.js","s":{"1":1,"2":1,"3":1,"4":1,"5":1,"6":1,"7":1,"8":1,"9":1,"10":1,"11":1,"12":4,"13":1,"14":1,"15":0,"16":0,"17":0,"18":0,"19":0,"20":0,"21":0,"22":0,"23":0,"24":0,"25":0,"26":0,"27":0,"28":0,"29":0,"30":0,"31":0,"32":0,"33":0,"34":0,"35":0,"36":0,"37":0,"38":1,"39":1},"b":{"1":[2,2],"2":[4,4],"3":[0,0],"4":[0,0],"5":[0,0],"6":[0,0],"7":[0,0]},"f":{"1":4,"2":1,"3":0,"4":0,"5":0},"fnMap":{"1":{"name":"_interopRequireDefault","line":25,"loc":{"start":{"line":25,"column":0},"end":{"line":25,"column":37}}},"2":{"name":"getDefaultProps","line":39,"loc":{"start":{"line":39,"column":19},"end":{"line":39,"column":46}}},"3":{"name":"getTabPanes","line":44,"loc":{"start":{"line":44,"column":15},"end":{"line":44,"column":38}}},"4":{"name":"(anonymous_4)","line":50,"loc":{"start":{"line":50,"column":50},"end":{"line":50,"column":67}}},"5":{"name":"render","line":65,"loc":{"start":{"line":65,"column":10},"end":{"line":65,"column":28}}}},"statementMap":{"1":{"start":{"line":3,"column":0},"end":{"line":5,"column":3}},"2":{"start":{"line":7,"column":0},"end":{"line":7,"column":57}},"3":{"start":{"line":9,"column":0},"end":{"line":9,"column":50}},"4":{"start":{"line":11,"column":0},"end":{"line":11,"column":71}},"5":{"start":{"line":13,"column":0},"end":{"line":13,"column":64}},"6":{"start":{"line":15,"column":0},"end":{"line":15,"column":30}},"7":{"start":{"line":17,"column":0},"end":{"line":17,"column":45}},"8":{"start":{"line":19,"column":0},"end":{"line":19,"column":41}},"9":{"start":{"line":21,"column":0},"end":{"line":21,"column":56}},"10":{"start":{"line":23,"column":0},"end":{"line":23,"column":32}},"11":{"start":{"line":25,"column":0},"end":{"line":25,"column":97}},"12":{"start":{"line":25,"column":39},"end":{"line":25,"column":95}},"13":{"start":{"line":27,"column":0},"end":{"line":98,"column":3}},"14":{"start":{"line":40,"column":4},"end":{"line":42,"column":6}},"15":{"start":{"line":45,"column":4},"end":{"line":45,"column":27}},"16":{"start":{"line":46,"column":4},"end":{"line":46,"column":36}},"17":{"start":{"line":47,"column":4},"end":{"line":47,"column":34}},"18":{"start":{"line":48,"column":4},"end":{"line":48,"column":25}},"19":{"start":{"line":50,"column":4},"end":{"line":61,"column":7}},"20":{"start":{"line":51,"column":6},"end":{"line":53,"column":7}},"21":{"start":{"line":52,"column":8},"end":{"line":52,"column":15}},"22":{"start":{"line":54,"column":6},"end":{"line":54,"column":26}},"23":{"start":{"line":55,"column":6},"end":{"line":55,"column":37}},"24":{"start":{"line":56,"column":6},"end":{"line":60,"column":10}},"25":{"start":{"line":63,"column":4},"end":{"line":63,"column":23}},"26":{"start":{"line":66,"column":4},"end":{"line":66,"column":20}},"27":{"start":{"line":68,"column":4},"end":{"line":68,"column":27}},"28":{"start":{"line":69,"column":4},"end":{"line":74,"column":54}},"29":{"start":{"line":75,"column":4},"end":{"line":75,"column":28}},"30":{"start":{"line":77,"column":4},"end":{"line":77,"column":291}},"31":{"start":{"line":78,"column":4},"end":{"line":88,"column":5}},"32":{"start":{"line":79,"column":6},"end":{"line":79,"column":72}},"33":{"start":{"line":80,"column":6},"end":{"line":87,"column":7}},"34":{"start":{"line":81,"column":8},"end":{"line":81,"column":203}},"35":{"start":{"line":82,"column":8},"end":{"line":82,"column":68}},"36":{"start":{"line":84,"column":8},"end":{"line":86,"column":11}},"37":{"start":{"line":89,"column":4},"end":{"line":96,"column":6}},"38":{"start":{"line":100,"column":0},"end":{"line":100,"column":32}},"39":{"start":{"line":101,"column":0},"end":{"line":101,"column":36}}},"branchMap":{"1":{"line":25,"type":"cond-expr","locations":[{"start":{"line":25,"column":70},"end":{"line":25,"column":73}},{"start":{"line":25,"column":76},"end":{"line":25,"column":94}}]},"2":{"line":25,"type":"binary-expr","locations":[{"start":{"line":25,"column":46},"end":{"line":25,"column":49}},{"start":{"line":25,"column":53},"end":{"line":25,"column":67}}]},"3":{"line":51,"type":"if","locations":[{"start":{"line":51,"column":6},"end":{"line":51,"column":6}},{"start":{"line":51,"column":6},"end":{"line":51,"column":6}}]},"4":{"line":77,"type":"cond-expr","locations":[{"start":{"line":77,"column":200},"end":{"line":77,"column":231}},{"start":{"line":77,"column":234},"end":{"line":77,"column":268}}]},"5":{"line":78,"type":"if","locations":[{"start":{"line":78,"column":4},"end":{"line":78,"column":4}},{"start":{"line":78,"column":4},"end":{"line":78,"column":4}}]},"6":{"line":80,"type":"if","locations":[{"start":{"line":80,"column":6},"end":{"line":80,"column":6}},{"start":{"line":80,"column":6},"end":{"line":80,"column":6}}]},"7":{"line":81,"type":"cond-expr","locations":[{"start":{"line":81,"column":49},"end":{"line":81,"column":104}},{"start":{"line":81,"column":107},"end":{"line":81,"column":202}}]}},"code":["'use strict';","","Object.defineProperty(exports, \"__esModule\", {","  value: true","});","","var _extends2 = require('babel-runtime/helpers/extends');","","var _extends3 = _interopRequireDefault(_extends2);","","var _defineProperty2 = require('babel-runtime/helpers/defineProperty');","","var _defineProperty3 = _interopRequireDefault(_defineProperty2);","","var _react = require('react');","","var _react2 = _interopRequireDefault(_react);","","var _classnames2 = require('classnames');","","var _classnames3 = _interopRequireDefault(_classnames2);","","var _utils = require('./utils');","","function _interopRequireDefault(obj) { return obj && obj.__esModule ? obj : { \"default\": obj }; }","","var TabContent = _react2[\"default\"].createClass({","  displayName: 'TabContent',","","  propTypes: {","    animated: _react.PropTypes.bool,","    animatedWithMargin: _react.PropTypes.bool,","    prefixCls: _react.PropTypes.string,","    children: _react.PropTypes.any,","    activeKey: _react.PropTypes.string,","    style: _react.PropTypes.any,","    tabBarPosition: _react.PropTypes.string","  },","  getDefaultProps: function getDefaultProps() {","    return {","      animated: true","    };","  },","  getTabPanes: function getTabPanes() {","    var props = this.props;","    var activeKey = props.activeKey;","    var children = props.children;","    var newChildren = [];","","    _react2[\"default\"].Children.forEach(children, function (child) {","      if (!child) {","        return;","      }","      var key = child.key;","      var active = activeKey === key;","      newChildren.push(_react2[\"default\"].cloneElement(child, {","        active: active,","        destroyInactiveTabPane: props.destroyInactiveTabPane,","        rootPrefixCls: props.prefixCls","      }));","    });","","    return newChildren;","  },","  render: function render() {","    var _classnames;","","    var props = this.props;","    var prefixCls = props.prefixCls,","        children = props.children,","        activeKey = props.activeKey,","        tabBarPosition = props.tabBarPosition,","        animated = props.animated,","        animatedWithMargin = props.animatedWithMargin;","    var style = props.style;","","    var classes = (0, _classnames3[\"default\"])((_classnames = {}, (0, _defineProperty3[\"default\"])(_classnames, prefixCls + '-content', true), (0, _defineProperty3[\"default\"])(_classnames, animated ? prefixCls + '-content-animated' : prefixCls + '-content-no-animated', true), _classnames));","    if (animated) {","      var activeIndex = (0, _utils.getActiveIndex)(children, activeKey);","      if (activeIndex !== -1) {","        var animatedStyle = animatedWithMargin ? (0, _utils.getMarginStyle)(activeIndex, tabBarPosition) : (0, _utils.getTransformPropValue)((0, _utils.getTransformByIndex)(activeIndex, tabBarPosition));","        style = (0, _extends3[\"default\"])({}, style, animatedStyle);","      } else {","        style = (0, _extends3[\"default\"])({}, style, {","          display: 'none'","        });","      }","    }","    return _react2[\"default\"].createElement(","      'div',","      {","        className: classes,","        style: style","      },","      this.getTabPanes()","    );","  }","});","","exports[\"default\"] = TabContent;","module.exports = exports['default'];"],"l":{"3":1,"7":1,"9":1,"11":1,"13":1,"15":1,"17":1,"19":1,"21":1,"23":1,"25":4,"27":1,"40":1,"45":0,"46":0,"47":0,"48":0,"50":0,"51":0,"52":0,"54":0,"55":0,"56":0,"63":0,"66":0,"68":0,"69":0,"75":0,"77":0,"78":0,"79":0,"80":0,"81":0,"82":0,"84":0,"89":0,"100":1,"101":1}},"/home/travis/build/npmtest/node-npmtest-rc-tabs/node_modules/rc-tabs/lib/TabBar.js":{"path":"/home/travis/build/npmtest/node-npmtest-rc-tabs/node_modules/rc-tabs/lib/TabBar.js","s":{"1":1,"2":1,"3":1,"4":1,"5":1,"6":1,"7":2,"8":1,"9":0,"10":0,"11":1,"12":1},"b":{"1":[0,2],"2":[2,2]},"f":{"1":2,"2":0},"fnMap":{"1":{"name":"_interopRequireDefault","line":15,"loc":{"start":{"line":15,"column":0},"end":{"line":15,"column":37}}},"2":{"name":"render","line":21,"loc":{"start":{"line":21,"column":10},"end":{"line":21,"column":28}}}},"statementMap":{"1":{"start":{"line":3,"column":0},"end":{"line":5,"column":3}},"2":{"start":{"line":7,"column":0},"end":{"line":7,"column":30}},"3":{"start":{"line":9,"column":0},"end":{"line":9,"column":45}},"4":{"start":{"line":11,"column":0},"end":{"line":11,"column":44}},"5":{"start":{"line":13,"column":0},"end":{"line":13,"column":57}},"6":{"start":{"line":15,"column":0},"end":{"line":15,"column":97}},"7":{"start":{"line":15,"column":39},"end":{"line":15,"column":95}},"8":{"start":{"line":17,"column":0},"end":{"line":25,"column":3}},"9":{"start":{"line":22,"column":4},"end":{"line":22,"column":30}},"10":{"start":{"line":23,"column":4},"end":{"line":23,"column":34}},"11":{"start":{"line":27,"column":0},"end":{"line":27,"column":28}},"12":{"start":{"line":28,"column":0},"end":{"line":28,"column":36}}},"branchMap":{"1":{"line":15,"type":"cond-expr","locations":[{"start":{"line":15,"column":70},"end":{"line":15,"column":73}},{"start":{"line":15,"column":76},"end":{"line":15,"column":94}}]},"2":{"line":15,"type":"binary-expr","locations":[{"start":{"line":15,"column":46},"end":{"line":15,"column":49}},{"start":{"line":15,"column":53},"end":{"line":15,"column":67}}]}},"code":["'use strict';","","Object.defineProperty(exports, \"__esModule\", {","  value: true","});","","var _react = require('react');","","var _react2 = _interopRequireDefault(_react);","","var _TabBarMixin = require('./TabBarMixin');","","var _TabBarMixin2 = _interopRequireDefault(_TabBarMixin);","","function _interopRequireDefault(obj) { return obj && obj.__esModule ? obj : { \"default\": obj }; }","","var TabBar = _react2[\"default\"].createClass({","  displayName: 'TabBar',","","  mixins: [_TabBarMixin2[\"default\"]],","  render: function render() {","    var tabs = this.getTabs();","    return this.getRootNode(tabs);","  }","});","","exports[\"default\"] = TabBar;","module.exports = exports['default'];"],"l":{"3":1,"7":1,"9":1,"11":1,"13":1,"15":2,"17":1,"22":0,"23":0,"27":1,"28":1}}}